2019-06-19 04:18:43 +0000 [MT] Initial pipeline context: <IDEDistributionProcessingPipelineContext: 0x7fb3c19140d0; archive(resolved)='<IDEArchive: 0x7fb3c1716390>', distributionTask(resolved)='2', distributionMethod(resolved)='<IDEDistributionMethodiOSEnterprise: 0x7fb3befe1fc0>', team(resolved)='<IDEProvisioningBasicTeam: 0x7fb3c17c3790; teamID='5HBJ42PL9W', teamName='(null)'>'>
	Chain (11, self inclusive):
	<IDEDistributionProcessingPipelineContext: 0x7fb3c19140d0; archive = '<IDEArchive: 0x7fb3c1716390>', distributionMethod='<IDEDistributionMethodiOSEnterprise: 0x7fb3befe1fc0>', team='<IDEProvisioningBasicTeam: 0x7fb3c17c3790; teamID='5HBJ42PL9W', teamName='(null)'>'>
	<IDEDistributionProcessingPipelineContext: 0x7fb3c17f7830; archive = '<IDEArchive: 0x7fb3c1716390>', distributionMethod='<IDEDistributionMethodiOSEnterprise: 0x7fb3befe1fc0>', team='<IDEProvisioningBasicTeam: 0x7fb3c17c3790; teamID='5HBJ42PL9W', teamName='(null)'>'>
	<IDEDistributionContext: 0x7fb3c17e8f20; archive = '<IDEArchive: 0x7fb3c1716390>', distributionMethod='<IDEDistributionMethodiOSEnterprise: 0x7fb3befe1fc0>', team='<IDEProvisioningBasicTeam: 0x7fb3c17c3790; teamID='5HBJ42PL9W', teamName='(null)'>'>
	<IDEDistributionContext: 0x7fb3c17fbde0; archive = '<IDEArchive: 0x7fb3c1716390>', distributionMethod='<IDEDistributionMethodiOSEnterprise: 0x7fb3befe1fc0>', team='<IDEProvisioningBasicTeam: 0x7fb3c17c3790; teamID='5HBJ42PL9W', teamName='(null)'>'>
	<IDEDistributionContext: 0x7fb3c17ab680; archive = '<IDEArchive: 0x7fb3c1716390>', distributionMethod='<IDEDistributionMethodiOSEnterprise: 0x7fb3befe1fc0>', team='<IDEProvisioningBasicTeam: 0x7fb3c17c3790; teamID='5HBJ42PL9W', teamName='(null)'>'>
	<IDEDistributionContext: 0x7fb3c1902780; archive = '<IDEArchive: 0x7fb3c1716390>', distributionMethod='<IDEDistributionMethodiOSEnterprise: 0x7fb3befe1fc0>', team='<IDEProvisioningBasicTeam: 0x7fb3c17c3790; teamID='5HBJ42PL9W', teamName='(null)'>'>
	<IDEDistributionContext: 0x7fb3c17e27e0; archive = '<IDEArchive: 0x7fb3c1716390>', distributionMethod='<IDEDistributionMethodiOSEnterprise: 0x7fb3befe1fc0>', team='<IDEProvisioningBasicTeam: 0x7fb3c17c3790; teamID='5HBJ42PL9W', teamName='(null)'>'>
	<IDEDistributionContext: 0x7fb3c17abfd0; archive = '<IDEArchive: 0x7fb3c1716390>', distributionMethod='<IDEDistributionMethodiOSEnterprise: 0x7fb3befe1fc0>', team='<IDEProvisioningBasicTeam: 0x7fb3c17c3790; teamID='5HBJ42PL9W', teamName='(null)'>'>
	<IDEDistributionContext: 0x7fb3c1302120; archive = '<IDEArchive: 0x7fb3c1716390>', distributionMethod='<IDEDistributionMethodiOSEnterprise: 0x7fb3befe1fc0>', team='<IDEProvisioningBasicTeam: 0x7fb3c17c3790; teamID='5HBJ42PL9W', teamName='(null)'>'>
	<IDEDistributionContext: 0x7fb3c15aa130; archive = '<IDEArchive: 0x7fb3c1716390>', distributionMethod='<IDEDistributionMethodiOSEnterprise: 0x7fb3befe1fc0>', team='(null)'>
	<IDEDistributionContext: 0x7fb3c175a0f0; archive = '<IDEArchive: 0x7fb3c1716390>', distributionMethod='(null)', team='(null)'>
</IDEDistributionProcessingPipelineContext: 0x7fb3c19140d0>
2019-06-19 04:18:43 +0000 [MT] Processing step: IDEDistributionCreateDestRootStep
2019-06-19 04:18:43 +0000 [MT] Processing step: IDEDistributionCopyItemStep
2019-06-19 04:18:43 +0000 [MT] Running /usr/bin/ditto '-V' '/Users/zwmac/Documents/code/oa-ly/zw-oa/platforms/ios/OA.xcarchive/Products/Applications/OA.app' '/var/folders/qd/vs8dwzqj0xv_tqxdtc1b9x3m0000gn/T/XcodeDistPipeline.VBj/Root/Payload/OA.app'
2019-06-19 04:18:43 +0000  >>> Copying /Users/zwmac/Documents/code/oa-ly/zw-oa/platforms/ios/OA.xcarchive/Products/Applications/OA.app 
2019-06-19 04:18:43 +0000  copying file ./_CodeSignature/CodeResources ... 
2019-06-19 04:18:43 +0000  87981 bytes for ./_CodeSignature/CodeResources
2019-06-19 04:18:43 +0000  copying file ./AppIcon29x29.png ... 
2238 bytes for ./AppIcon29x29.png
copying file ./AppIcon29x29@2x.png ... 
3821 bytes for ./AppIcon29x29@2x.png
copying file ./AppIcon29x29@2x~ipad.png ... 
3821 bytes for ./AppIcon29x29@2x~ipad.png
copying file ./AppIcon29x29@3x.png ... 
5687 bytes for ./AppIcon29x29@3x.png
copying file ./AppIcon29x29~ipad.png ... 
2238 bytes for ./AppIcon29x29~ipad.png
copying file ./AppIcon40x40@2x.png ... 
5307 bytes for ./AppIcon40x40@2x.png
copying file ./AppIcon40x40@2x~ipad.png ... 
5307 bytes for ./AppIcon40x40@2x~ipad.png
copying file ./AppIcon40x40@3x.png ... 
7411 bytes for ./AppIcon40x40@3x.png
copying file ./AppIcon40x40~ipad.png ... 
2856 bytes for ./AppIcon40x40~ipad.png
copying file ./AppIcon50x50@2x~ipad.png ... 
6396 bytes for ./AppIcon50x50@2x~ipad.png
copying file ./AppIcon50x50~ipad.png ... 
3400 bytes for ./AppIcon50x50~ipad.png
copying file ./AppIcon57x57.png ... 
3795 bytes for ./AppIcon57x57.png
copying file ./AppIcon57x57@2x.png ... 
7063 bytes for ./AppIcon57x57@2x.png
copying file ./AppIcon60x60@2x.png ... 
7411 bytes for ./AppIcon60x60@2x.png
copying file ./AppIcon60x60@3x.png ... 
10403 bytes for ./AppIcon60x60@3x.png
copying file ./AppIcon72x72@2x~ipad.png ... 
8525 bytes for ./AppIcon72x72@2x~ipad.png
copying file ./AppIcon72x72~ipad.png ... 
4956 bytes for ./AppIcon72x72~ipad.png
copying file ./AppIcon76x76@2x~ipad.png ... 
8984 bytes for ./AppIcon76x76@2x~ipad.png
copying file ./AppIcon76x76~ipad.png ... 
5088 bytes for ./AppIcon76x76~ipad.png
copying file ./AppIcon83.5x83.5@2x~ipad.png ... 
9694 bytes for ./AppIcon83.5x83.5@2x~ipad.png
copying file ./Assets.car ... 
140968 bytes for ./Assets.car
copying file ./config.xml ... 
7357 bytes for ./config.xml
copying file ./embedded.mobileprovision ... 
7809 bytes for ./embedded.mobileprovision
copying file ./Info.plist ... 
2286 bytes for ./Info.plist
copying file ./JPushConfig.plist ... 
146 bytes for ./JPushConfig.plist
copying file ./LaunchImage-568h@2x.png ... 
278225 bytes for ./LaunchImage-568h@2x.png
copying file ./LaunchImage-700-568h@2x.png ... 
278225 bytes for ./LaunchImage-700-568h@2x.png
copying file ./LaunchImage-700-Landscape@2x~ipad.png ... 
2019-06-19 04:18:43 +0000  636953 bytes for ./LaunchImage-700-Landscape@2x~ipad.png
copying file ./LaunchImage-700-Landscape~ipad.png ... 
306272 bytes for ./LaunchImage-700-Landscape~ipad.png
copying file ./LaunchImage-700-Portrait@2x~ipad.png ... 
482251 bytes for ./LaunchImage-700-Portrait@2x~ipad.png
copying file ./LaunchImage-700-Portrait~ipad.png ... 
299143 bytes for ./LaunchImage-700-Portrait~ipad.png
copying file ./LaunchImage-700@2x.png ... 
257549 bytes for ./LaunchImage-700@2x.png
copying file ./LaunchImage-800-667h@2x.png ... 
358799 bytes for ./LaunchImage-800-667h@2x.png
copying file ./LaunchImage-800-Landscape-736h@3x.png ... 
2019-06-19 04:18:43 +0000  551749 bytes for ./LaunchImage-800-Landscape-736h@3x.png
copying file ./LaunchImage-800-Portrait-736h@3x.png ... 
591838 bytes for ./LaunchImage-800-Portrait-736h@3x.png
copying file ./LaunchImage-Portrait@2x~ipad.png ... 
482251 bytes for ./LaunchImage-Portrait@2x~ipad.png
copying file ./LaunchImage-Portrait~ipad.png ... 
299143 bytes for ./LaunchImage-Portrait~ipad.png
copying file ./LaunchImage.png ... 
77185 bytes for ./LaunchImage.png
copying file ./LaunchImage@2x.png ... 
257549 bytes for ./LaunchImage@2x.png
copying file ./MainViewController.nib ... 
943 bytes for ./MainViewController.nib
copying file ./OA ... 
2019-06-19 04:18:43 +0000  2845776 bytes for ./OA
copying file ./PkgInfo ... 
8 bytes for ./PkgInfo
copying file ./www/app/auth/img/1024-logo-yk.png ... 
32795 bytes for ./www/app/auth/img/1024-logo-yk.png
copying file ./www/app/auth/img/1024-logo.png ... 
10995 bytes for ./www/app/auth/img/1024-logo.png
copying file ./www/app/auth/img/1024-yk.jpg ... 
469949 bytes for ./www/app/auth/img/1024-yk.jpg
copying file ./www/app/auth/img/1024.jpg ... 
52049 bytes for ./www/app/auth/img/1024.jpg
copying file ./www/app/auth/img/640-logo-yk.png ... 
34220 bytes for ./www/app/auth/img/640-logo-yk.png
copying file ./www/app/auth/img/640-logo.png ... 
11150 bytes for ./www/app/auth/img/640-logo.png
copying file ./www/app/auth/img/640-yk.jpg ... 
356706 bytes for ./www/app/auth/img/640-yk.jpg
copying file ./www/app/auth/img/640.jpg ... 
38858 bytes for ./www/app/auth/img/640.jpg
copying file ./www/app/auth/img/720-logo-yk.png ... 
38367 bytes for ./www/app/auth/img/720-logo-yk.png
copying file ./www/app/auth/img/720-logo.png ... 
13824 bytes for ./www/app/auth/img/720-logo.png
copying file ./www/app/auth/img/720-yk.jpg ... 
449441 bytes for ./www/app/auth/img/720-yk.jpg
copying file ./www/app/auth/img/720.jpg ... 
49674 bytes for ./www/app/auth/img/720.jpg
copying file ./www/app/auth/img/768-logo-yk.png ... 
33969 bytes for ./www/app/auth/img/768-logo-yk.png
copying file ./www/app/auth/img/768-logo.png ... 
12400 bytes for ./www/app/auth/img/768-logo.png
copying file ./www/app/auth/img/768-yk.jpg ... 
438045 bytes for ./www/app/auth/img/768-yk.jpg
copying file ./www/app/auth/img/768.jpg ... 
48177 bytes for ./www/app/auth/img/768.jpg
copying file ./www/app/auth/img/800-logo-yk.png ... 
29156 bytes for ./www/app/auth/img/800-logo-yk.png
copying file ./www/app/auth/img/800-logo.png ... 
9448 bytes for ./www/app/auth/img/800-logo.png
copying file ./www/app/auth/img/800-yk.jpg ... 
236652 bytes for ./www/app/auth/img/800-yk.jpg
copying file ./www/app/auth/img/800.jpg ... 
31429 bytes for ./www/app/auth/img/800.jpg
copying file ./www/app/auth/img/call-phone.png ... 
1857 bytes for ./www/app/auth/img/call-phone.png
copying file ./www/app/auth/img/login-man-img.png ... 
692 bytes for ./www/app/auth/img/login-man-img.png
copying file ./www/app/auth/img/login-password-img.png ... 
917 bytes for ./www/app/auth/img/login-password-img.png
copying file ./www/app/auth/img/zhongwang-logo-02.png ... 
7535 bytes for ./www/app/auth/img/zhongwang-logo-02.png
copying file ./www/app/mine/img/about_system_qr_img.png ... 
409 bytes for ./www/app/mine/img/about_system_qr_img.png
copying file ./www/app/mine/img/about_system_title.png ... 
6926 bytes for ./www/app/mine/img/about_system_title.png
copying file ./www/app/mine/img/company_logo_img.png ... 
12686 bytes for ./www/app/mine/img/company_logo_img.png
copying file ./www/app/mine/img/mine-about-system.png ... 
932 bytes for ./www/app/mine/img/mine-about-system.png
copying file ./www/app/mine/img/mine-arrow-right.png ... 
605 bytes for ./www/app/mine/img/mine-arrow-right.png
copying file ./www/app/mine/img/mine-bill-set.png ... 
561 bytes for ./www/app/mine/img/mine-bill-set.png
copying file ./www/app/mine/img/mine-clear-cache.png ... 
985 bytes for ./www/app/mine/img/mine-clear-cache.png
copying file ./www/app/mine/img/mine-gestures-password.png ... 
678 bytes for ./www/app/mine/img/mine-gestures-password.png
copying file ./www/app/mine/img/mine-home-page-set.png ... 
490 bytes for ./www/app/mine/img/mine-home-page-set.png
copying file ./www/app/mine/img/mine-login-password.png ... 
1271 bytes for ./www/app/mine/img/mine-login-password.png
copying file ./www/app/mine/img/mine-new-img.png ... 
347 bytes for ./www/app/mine/img/mine-new-img.png
copying file ./www/app/mine/img/mine-signature.png ... 
621 bytes for ./www/app/mine/img/mine-signature.png
copying file ./www/app/notification/img/notification.png ... 
1482 bytes for ./www/app/notification/img/notification.png
copying file ./www/app/notification/img/view-form-notification.png ... 
5257 bytes for ./www/app/notification/img/view-form-notification.png
copying file ./www/app/view
2019-06-19 04:18:43 +0000  -form/img/1.png ... 
7887 bytes for ./www/app/view-form/img/1.png
copying file ./www/app/view-form/img/2.png ... 
8113 bytes for ./www/app/view-form/img/2.png
copying file ./www/app/view-form/img/3.png ... 
8068 bytes for ./www/app/view-form/img/3.png
copying file ./www/app/view-form/img/4.png ... 
7748 bytes for ./www/app/view-form/img/4.png
copying file ./www/app/view-form/img/5.png ... 
7991 bytes for ./www/app/view-form/img/5.png
copying file ./www/app/view-form/img/6.png ... 
8057 bytes for ./www/app/view-form/img/6.png
copying file ./www/app/view-form/img/7.png ... 
8010 bytes for ./www/app/view-form/img/7.png
copying file ./www/app/view-form/img/8.png ... 
8156 bytes for ./www/app/view-form/img/8.png
copying file ./www/app/view-form/img/9.png ... 
8353 bytes for ./www/app/view-form/img/9.png
copying file ./www/app/view-form/img/care.png ... 
939 bytes for ./www/app/view-form/img/care.png
copying file ./www/app/view-form/img/closeImg.png ... 
4877 bytes for ./www/app/view-form/img/closeImg.png
copying file ./www/app/view-form/img/down.png ... 
914 bytes for ./www/app/view-form/img/down.png
copying file ./www/app/view-form/img/more_load.gif ... 
5208 bytes for ./www/app/view-form/img/more_load.gif
copying file ./www/app/view-form/img/picture404.png ... 
18447 bytes for ./www/app/view-form/img/picture404.png
copying file ./www/app/view-form/img/red-exclamation-mark.png ... 
497 bytes for ./www/app/view-form/img/red-exclamation-mark.png
copying file ./www/app/view-form/img/up.png ... 
814 bytes for ./www/app/view-form/img/up.png
copying file ./www/app/view-form/img/view-form-add.png ... 
1123 bytes for ./www/app/view-form/img/view-form-add.png
copying file ./www/app/view-form/img/view-form-album.png ... 
2169 bytes for ./www/app/view-form/img/view-form-album.png
copying file ./www/app/view-form/img/view-form-amplification.png ... 
1486 bytes for ./www/app/view-form/img/view-form-amplification.png
copying file ./www/app/view-form/img/view-form-attachment.png ... 
1564 bytes for ./www/app/view-form/img/view-form-attachment.png
copying file ./www/app/view-form/img/view-form-camera.png ... 
2433 bytes for ./www/app/view-form/img/view-form-camera.png
copying file ./www/app/view-form/img/view-form-communicate.png ... 
604 bytes for ./www/app/view-form/img/view-form-communicate.png
copying file ./www/app/view-form/img/view-form-consent.png ... 
540 bytes for ./www/app/view-form/img/view-form-consent.png
copying file ./www/app/view-form/img/view-form-current.png ... 
546 bytes for ./www/app/view-form/img/view-form-current.png
copying file ./www/app/view-form/img/view-form-horn.png ... 
1491 bytes for ./www/app/view-form/img/view-form-horn.png
copying file ./www/app/view-form/img/view-form-initiate.png ... 
673 bytes for ./www/app/view-form/img/view-form-initiate.png
copying file ./www/app/view-form/img/view-form-load.gif ... 
9516 bytes for ./www/app/view-form/img/view-form-load.gif
copying file ./www/app/view-form/img/view-form-right.png ... 
4752 bytes for ./www/app/view-form/img/view-form-right.png
copying file ./www/app/view-form/img/view-form-transform-arrow.png ... 
248 bytes for ./www/app/view-form/img/view-form-transform-arrow.png
copying file ./www/app/view-form/img/voice-hint-img.gif ... 
35387 bytes for ./www/app/view-form/img/voice-hint-img.gif
copying file ./www/app/wait-work/img/wait-work-get-back.png ... 
586 bytes for ./www/app/wait-work/img/wait-work-get-back.png
copying file ./www/app/wait-work/img/wait-work-header-Sizer.png ... 
397 bytes for ./www/app/wait-work/img/wait-work-header-Sizer.png
copying file ./www/app/wait-work/img/wait-work-msg.png ... 
376 bytes for ./www/app/wait-work/img/wait-work-msg.png
copying file ./www/app/wait-work/img/wait-work-pause-save.png ... 
589 bytes for ./www/app/wait-work/img/wait-work-pause-save.png
copying file ./www/app/wait-work/img/wait-work-read.png ... 
583 bytes for ./www/app/wait-work/img/wait-work-read.png
copying file ./www/app/wait-work/img/wait-work-tip.png ... 
1673 bytes for ./www/app/wait-work/img/wait-work-tip.png
copying file ./www/app/wait-work/img/wait-w
2019-06-19 04:18:43 +0000  ork-unread.png ... 
605 bytes for ./www/app/wait-work/img/wait-work-unread.png
copying file ./www/app/work/img/al-finance-approval.png ... 
6013 bytes for ./www/app/work/img/al-finance-approval.png
copying file ./www/app/work/img/al-other-approval.png ... 
1818 bytes for ./www/app/work/img/al-other-approval.png
copying file ./www/app/work/img/al-pay-approval.png ... 
4522 bytes for ./www/app/work/img/al-pay-approval.png
copying file ./www/app/work/img/al-purchase-approval.png ... 
1993 bytes for ./www/app/work/img/al-purchase-approval.png
copying file ./www/app/work/img/already-matter.png ... 
1754 bytes for ./www/app/work/img/already-matter.png
copying file ./www/app/work/img/custom-db.png ... 
1340 bytes for ./www/app/work/img/custom-db.png
copying file ./www/app/work/img/custom-img-eight.png ... 
1773 bytes for ./www/app/work/img/custom-img-eight.png
copying file ./www/app/work/img/custom-img-five.png ... 
1747 bytes for ./www/app/work/img/custom-img-five.png
copying file ./www/app/work/img/custom-img-four.png ... 
1883 bytes for ./www/app/work/img/custom-img-four.png
copying file ./www/app/work/img/custom-img-nine.png ... 
1722 bytes for ./www/app/work/img/custom-img-nine.png
copying file ./www/app/work/img/custom-img-one.png ... 
1717 bytes for ./www/app/work/img/custom-img-one.png
copying file ./www/app/work/img/custom-img-seven.png ... 
1732 bytes for ./www/app/work/img/custom-img-seven.png
copying file ./www/app/work/img/custom-img-six.png ... 
1747 bytes for ./www/app/work/img/custom-img-six.png
copying file ./www/app/work/img/custom-img-ten.png ... 
1695 bytes for ./www/app/work/img/custom-img-ten.png
copying file ./www/app/work/img/custom-img-three.png ... 
1577 bytes for ./www/app/work/img/custom-img-three.png
copying file ./www/app/work/img/custom-img-two.png ... 
1635 bytes for ./www/app/work/img/custom-img-two.png
copying file ./www/app/work/img/custom-zh.png ... 
3709 bytes for ./www/app/work/img/custom-zh.png
copying file ./www/app/work/img/document-query.png ... 
1497 bytes for ./www/app/work/img/document-query.png
copying file ./www/app/work/img/dolla-iconr.png ... 
319 bytes for ./www/app/work/img/dolla-iconr.png
copying file ./www/app/work/img/Euro-icon.png ... 
284 bytes for ./www/app/work/img/Euro-icon.png
copying file ./www/app/work/img/finance-approval.png ... 
5578 bytes for ./www/app/work/img/finance-approval.png
copying file ./www/app/work/img/my-work-add.png ... 
1232 bytes for ./www/app/work/img/my-work-add.png
copying file ./www/app/work/img/my-work-due_out.png ... 
1194 bytes for ./www/app/work/img/my-work-due_out.png
copying file ./www/app/work/img/my-work-else.png ... 
1888 bytes for ./www/app/work/img/my-work-else.png
copying file ./www/app/work/img/my-work-finance.png ... 
2079 bytes for ./www/app/work/img/my-work-finance.png
copying file ./www/app/work/img/my-work-have_done.png ... 
1669 bytes for ./www/app/work/img/my-work-have_done.png
copying file ./www/app/work/img/my-work-matter-revocation.png ... 
672 bytes for ./www/app/work/img/my-work-matter-revocation.png
copying file ./www/app/work/img/my-work-matter-send_back.png ... 
566 bytes for ./www/app/work/img/my-work-matter-send_back.png
copying file ./www/app/work/img/my-work-new.png ... 
873 bytes for ./www/app/work/img/my-work-new.png
copying file ./www/app/work/img/my-work-newmatter-chevron.png ... 
529 bytes for ./www/app/work/img/my-work-newmatter-chevron.png
copying file ./www/app/work/img/my-work-newmatter-document.png ... 
504 bytes for ./www/app/work/img/my-work-newmatter-document.png
copying file ./www/app/work/img/my-work-official-doc.png ... 
1711 bytes for ./www/app/work/img/my-work-official-doc.png
copying file ./www/app/work/img/my-work-personnel.png ... 
2115 bytes for ./www/app/work/img/my-work-personnel.png
copying file ./www/app/work/img/my-work-purchase.png ... 
1844 bytes for ./www/app/work/img/my-work-purchase.png
copying file ./www/app/work/img/my-work-sent.png ... 
1564 bytes for ./www/app/work/img/my-work-sent.png
copying file ./www/app/work/img/my-work-tail_after.png ... 
2019-06-19 04:18:43 +0000  2004 bytes for ./www/app/work/img/my-work-tail_after.png
copying file ./www/app/work/img/my-work-understanding.png ... 
1672 bytes for ./www/app/work/img/my-work-understanding.png
copying file ./www/app/work/img/notify-matter.png ... 
2005 bytes for ./www/app/work/img/notify-matter.png
copying file ./www/app/work/img/other-approval.png ... 
1856 bytes for ./www/app/work/img/other-approval.png
copying file ./www/app/work/img/pay-approval.png ... 
4105 bytes for ./www/app/work/img/pay-approval.png
copying file ./www/app/work/img/purchase-approval.png ... 
2012 bytes for ./www/app/work/img/purchase-approval.png
copying file ./www/app/work/img/rmb-icon.png ... 
2019-06-19 04:18:43 +0000  285 bytes for ./www/app/work/img/rmb-icon.png
copying file ./www/app/work/img/tracking-matter.png ... 
2019-06-19 04:18:43 +0000  2936 bytes for ./www/app/work/img/tracking-matter.png
copying file ./www/app/work/img/yen-icon.png ... 
2019-06-19 04:18:43 +0000  205 bytes for ./www/app/work/img/yen-icon.png
2019-06-19 04:18:43 +0000  copying file ./www/cordova-js-src/exec.js ... 
2019-06-19 04:18:43 +0000  8877 bytes for ./www/cordova-js-src/exec.js
copying file ./www/cordova-js-src/platform.js ... 
2019-06-19 04:18:43 +0000  943 bytes for ./www/cordova-js-src/platform.js
2019-06-19 04:18:43 +0000  copying file ./www/cordova.js ... 
2019-06-19 04:18:43 +0000  60191 bytes for ./www/cordova.js
copying file ./www/cordova_plugins.js ... 
2019-06-19 04:18:43 +0000  13758 bytes for ./www/cordova_plugins.js
2019-06-19 04:18:43 +0000  copying file ./www/css/ionic.app.min.css ... 
2019-06-19 04:18:43 +0000  242679 bytes for ./www/css/ionic.app.min.css
2019-06-19 04:18:43 +0000  copying file ./www/img/adam.jpg ... 
41324 bytes for ./www/img/adam.jpg
copying file ./www/img/add.png ... 
932 bytes for ./www/img/add.png
copying file ./www/img/ion_notification_f.png ... 
1289 bytes for ./www/img/ion_notification_f.png
copying file ./www/img/ion_notification_p.png ... 
1289 bytes for ./www/img/ion_notification_p.png
copying file ./www/img/mine-select.png ... 
2584 bytes for ./www/img/mine-select.png
copying file ./www/img/mine-unselect.png ... 
1005 bytes for ./www/img/mine-unselect.png
copying file ./www/img/nodata.svg ... 
803 bytes for ./www/img/nodata.svg
copying file ./www/img/tab-contact-f.png ... 
1123 bytes for ./www/img/tab-contact-f.png
copying file ./www/img/tab-contact-p.png ... 
762 bytes for ./www/img/tab-contact-p.png
copying file ./www/img/tab-mine-f.png ... 
286 bytes for ./www/img/tab-mine-f.png
copying file ./www/img/tab-mine-p.png ... 
286 bytes for ./www/img/tab-mine-p.png
copying file ./www/img/tab-wait-work-f.png ... 
739 bytes for ./www/img/tab-wait-work-f.png
copying file ./www/img/tab-wait-work-p.png ... 
790 bytes for ./www/img/tab-wait-work-p.png
copying file ./www/img/tab-work-f.png ... 
418 bytes for ./www/img/tab-work-f.png
copying file ./www/img/tab-work-p.png ... 
379 bytes for ./www/img/tab-work-p.png
copying file ./www/index.html ... 
3130 bytes for ./www/index.html
copying file ./www/js/app.bundle.min.js ... 
207065 bytes for ./www/js/app.bundle.min.js
copying file ./www/js/app.plugin.min.js ... 
2019-06-19 04:18:43 +0000  677415 bytes for ./www/js/app.plugin.min.js
copying file ./www/js/templates.js ... 
2019-06-19 04:18:44 +0000  101477 bytes for ./www/js/templates.js
copying file ./www/lib/ion-datetime-picker/release/ion-datetime-picker.min.css ... 
2814 bytes for ./www/lib/ion-datetime-picker/release/ion-datetime-picker.min.css
copying file ./www/lib/ionic/fonts/ionicons.eot ... 
2019-06-19 04:18:44 +0000  120724 bytes for ./www/lib/ionic/fonts/ionicons.eot
copying file ./www/lib/ionic/fonts/ionicons.svg ... 
2019-06-19 04:18:44 +0000  333834 bytes for ./www/lib/ionic/fonts/ionicons.svg
copying file ./www/lib/ionic/fonts/ionicons.ttf ... 
2019-06-19 04:18:44 +0000  188508 bytes for ./www/lib/ionic/fonts/ionicons.ttf
2019-06-19 04:18:44 +0000  copying file ./www/lib/ionic/fonts/ionicons.woff ... 
2019-06-19 04:18:44 +0000  67904 bytes for ./www/lib/ionic/fonts/ionicons.woff
2019-06-19 04:18:44 +0000  copying file ./www/lib/jquery/dist/jquery.min.js ... 
2019-06-19 04:18:44 +0000  85578 bytes for ./www/lib/jquery/dist/jquery.min.js
2019-06-19 04:18:44 +0000  copying file ./www/lib/oi.select/dist/select.css ... 
2019-06-19 04:18:44 +0000  7120 bytes for ./www/lib/oi.select/dist/select.css
2019-06-19 04:18:44 +0000  copying file ./www/locales/cn.json ... 
2019-06-19 04:18:44 +0000  9770 bytes for ./www/locales/cn.json
2019-06-19 04:18:44 +0000  copying file ./www/locales/en.json ... 
2019-06-19 04:18:44 +0000  4497 bytes for ./www/locales/en.json
2019-06-19 04:18:44 +0000  copying file ./www/plugins/com.telerik.plugins.nativepagetransitions/www/NativePageTransitions.js ... 
2019-06-19 04:18:44 +0000  7122 bytes for ./www/plugins/com.telerik.plugins.nativepagetransitions/www/NativePageTransitions.js
2019-06-19 04:18:44 +0000  copying file ./www/plugins/cordova-media-with-compression/www/Media.js ... 
2019-06-19 04:18:44 +0000  7963 bytes for ./www/plugins/cordova-media-with-compression/www/Media.js
copying file ./www/plugins/cordova-media-with-compression/www/MediaError.js ... 
2019-06-19 04:18:44 +0000  2373 bytes for ./www/plugins/cordova-media-with-compression/www/MediaError.js
2019-06-19 04:18:44 +0000  copying file ./www/plugins/cordova-plugin-app-version/www/AppVersionPlugin.js ... 
2019-06-19 04:18:44 +0000  2276 bytes for ./www/plugins/cordova-plugin-app-version/www/AppVersionPlugin.js
2019-06-19 04:18:44 +0000  copying file ./www/plugins/cordova-plugin-camera/www/Camera.js ... 
2019-06-19 04:18:44 +0000  8006 bytes for ./www/plugins/cordova-plugin-camera/www/Camera.js
copying file ./www/plugins/cordova-plugin-camera/www/CameraConstants.js ... 
2019-06-19 04:18:44 +0000  3297 bytes for ./www/plugins/cordova-plugin-camera/www/CameraConstants.js
copying file ./www/plugins/cordova-plugin-camera/www/CameraPopoverOptions.js ... 
2019-06-19 04:18:44 +0000  2297 bytes for ./www/plugins/cordova-plugin-camera/www/CameraPopoverOptions.js
2019-06-19 04:18:44 +0000  copying file ./www/plugins/cordova-plugin-camera/www/ios/CameraPopoverHandle.js ... 
2019-06-19 04:18:44 +0000  2269 bytes for ./www/plugins/cordova-plugin-camera/www/ios/CameraPopoverHandle.js
2019-06-19 04:18:44 +0000  copying file ./www/plugins/cordova-plugin-console/www/console-via-logger.js ... 
2019-06-19 04:18:44 +0000  6896 bytes for ./www/plugins/cordova-plugin-console/www/console-via-logger.js
copying file ./www/plugins/cordova-plugin-console/www/logger.js ... 
2019-06-19 04:18:44 +0000  10323 bytes for ./www/plugins/cordova-plugin-console/www/logger.js
2019-06-19 04:18:44 +0000  copying file ./www/plugins/cordova-plugin-device/www/device.js ... 
2019-06-19 04:18:44 +0000  3062 bytes for ./www/plugins/cordova-plugin-device/www/device.js
2019-06-19 04:18:44 +0000  copying file ./www/plugins/cordova-plugin-file/www/browser/isChrome.js ... 
2019-06-19 04:18:44 +0000  1232 bytes for ./www/plugins/cordova-plugin-file/www/browser/isChrome.js
2019-06-19 04:18:44 +0000  copying file ./www/plugins/cordova-plugin-file/www/DirectoryEntry.js ... 
2019-06-19 04:18:44 +0000  4671 bytes for ./www/plugins/cordova-plugin-file/www/DirectoryEntry.js
copying file ./www/plugins/cordova-plugin-file/www/DirectoryReader.js ... 
2019-06-19 04:18:44 +0000  2729 bytes for ./www/plugins/cordova-plugin-file/www/DirectoryReader.js
2019-06-19 04:18:44 +0000  copying file ./www/plugins/cordova-plugin-file/www/Entry.js ... 
2019-06-19 04:18:44 +0000  9933 bytes for ./www/plugins/cordova-plugin-file/www/Entry.js
2019-06-19 04:18:44 +0000  copying file ./www/plugins/cordova-plugin-file/www/File.js ... 
2019-06-19 04:18:44 +0000  2712 bytes for ./www/plugins/cordova-plugin-file/www/File.js
copying file ./www/plugins/cordova-plugin-file/www/FileEntry.js ... 
2019-06-19 04:18:44 +0000  3418 bytes for ./www/plugins/cordova-plugin-file/www/FileEntry.js
2019-06-19 04:18:44 +0000  copying file ./www/plugins/cordova-plugin-file/www/FileError.js ... 
2019-06-19 04:18:44 +0000  1480 bytes for ./www/plugins/cordova-plugin-file/www/FileError.js
copying file ./www/plugins/cordova-plugin-file/www/FileReader.js ... 
2019-06-19 04:18:44 +0000  10431 bytes for ./www/plugins/cordova-plugin-file/www/FileReader.js
copying file ./www/plugins/cordova-plugin-file/www/FileSystem.js ... 
2019-06-19 04:18:44 +0000  1956 bytes for ./www/plugins/cordova-plugin-file/www/FileSystem.js
copying file ./www/plugins/cordova-plugin-file/www/fileSystemPaths.js ... 
2019-06-19 04:18:44 +0000  2547 bytes for ./www/plugins/cordova-plugin-file/www/fileSystemPaths.js
2019-06-19 04:18:44 +0000  copying file ./www/plugins/cordova-plugin-file/www/fileSystems-roots.js ... 
1597 bytes for ./www/plugins/cordova-plugin-file/www/fileSystems-roots.js
copying file ./www/plugins/cordova-plugin-file/www/fileSystems.js ... 
1046 bytes for ./www/plugins/cordova-plugin-file/www/fileSystems.js
copying file ./www/plugins/cordova-plugin-file/www/FileUploadOptions.js ... 
2019-06-19 04:18:44 +0000  1830 bytes for ./www/plugins/cordova-plugin-file/www/FileUploadOptions.js
2019-06-19 04:18:44 +0000  copying file ./www/plugins/cordova-plugin-file/www/FileUploadResult.js ... 
2019-06-19 04:18:44 +0000  1101 bytes for ./www/plugins/cordova-plugin-file/www/FileUploadResult.js
copying file ./www/plugins/cordova-plugin-file/www/FileWriter.js ... 
2019-06-19 04:18:44 +0000  10427 bytes for ./www/plugins/cordova-plugin-file/www/FileWriter.js
copying file ./www/plugins/cordova-plugin-file/www/Flags.js ... 
2019-06-19 04:18:44 +0000  1335 bytes for ./www/plugins/cordova-plugin-file/www/Flags.js
2019-06-19 04:18:44 +0000  copying file ./www/plugins/cordova-plugin-file/www/ios/FileSystem.js ... 
2019-06-19 04:18:44 +0000  1184 bytes for ./www/plugins/cordova-plugin-file/www/ios/FileSystem.js
copying file ./www/plugins/cordova-plugin-file/www/LocalFileSystem.js ... 
2019-06-19 04:18:44 +0000  957 bytes for ./www/plugins/cordova-plugin-file/www/LocalFileSystem.js
2019-06-19 04:18:44 +0000  copying file ./www/plugins/cordova-plugin-file/www/Metadata.js ... 
2019-06-19 04:18:44 +0000  1485 bytes for ./www/plugins/cordova-plugin-file/www/Metadata.js
copying file ./www/plugins/cordova-plugin-file/www/ProgressEvent.js ... 
2019-06-19 04:18:44 +0000  2581 bytes for ./www/plugins/cordova-plugin-file/www/ProgressEvent.js
2019-06-19 04:18:44 +0000  copying file ./www/plugins/cordova-plugin-file/www/requestFileSystem.js ... 
2019-06-19 04:18:44 +0000  3221 bytes for ./www/plugins/cordova-plugin-file/www/requestFileSystem.js
2019-06-19 04:18:44 +0000  copying file ./www/plugins/cordova-plugin-file/www/resolveLocalFileSystemURI.js ... 
2019-06-19 04:18:44 +0000  4228 bytes for ./www/plugins/cordova-plugin-file/www/resolveLocalFileSystemURI.js
2019-06-19 04:18:44 +0000  copying file ./www/plugins/cordova-plugin-file-opener2/www/plugins.FileOpener2.js ... 
2019-06-19 04:18:44 +0000  2418 bytes for ./www/plugins/cordova-plugin-file-opener2/www/plugins.FileOpener2.js
2019-06-19 04:18:44 +0000  copying file ./www/plugins/cordova-plugin-file-transfer/www/FileTransfer.js ... 
2019-06-19 04:18:44 +0000  8568 bytes for ./www/plugins/cordova-plugin-file-transfer/www/FileTransfer.js
2019-06-19 04:18:44 +0000  copying file ./www/plugins/cordova-plugin-file-transfer/www/FileTransferError.js ... 
2019-06-19 04:18:44 +0000  1488 bytes for ./www/plugins/cordova-plugin-file-transfer/www/FileTransferError.js
2019-06-19 04:18:44 +0000  copying file ./www/plugins/cordova-plugin-inappbrowser/www/inappbrowser.js ... 
2019-06-19 04:18:44 +0000  4417 bytes for ./www/plugins/cordova-plugin-inappbrowser/www/inappbrowser.js
2019-06-19 04:18:44 +0000  copying file ./www/plugins/cordova-plugin-ionic-webview/src/www/ios/ios-wkwebview-exec.js ... 
2019-06-19 04:18:44 +0000  6179 bytes for ./www/plugins/cordova-plugin-ionic-webview/src/www/ios/ios-wkwebview-exec.js
2019-06-19 04:18:44 +0000  copying file ./www/plugins/cordova-plugin-ionic-webview/src/www/util.js ... 
2019-06-19 04:18:44 +0000  872 bytes for ./www/plugins/cordova-plugin-ionic-webview/src/www/util.js
2019-06-19 04:18:44 +0000  copying file ./www/plugins/cordova-plugin-network-information/www/Connection.js ... 
2019-06-19 04:18:44 +0000  1163 bytes for ./www/plugins/cordova-plugin-network-information/www/Connection.js
2019-06-19 04:18:44 +0000  copying file ./www/plugins/cordova-plugin-network-information/www/network.js ... 
2019-06-19 04:18:44 +0000  3360 bytes for ./www/plugins/cordova-plugin-network-information/www/network.js
copying file ./www/plugins/cordova-plugin-screen-orientation/www/screenorientation.js ... 
2019-06-19 04:18:44 +0000  5012 bytes for ./www/plugins/cordova-plugin-screen-orientation/www/screenorientation.js
2019-06-19 04:18:44 +0000  copying file ./www/plugins/cordova-plugin-splashscreen/www/splashscreen.js ... 
2019-06-19 04:18:44 +0000  1173 bytes for ./www/plugins/cordova-plugin-splashscreen/www/splashscreen.js
2019-06-19 04:18:44 +0000  copying file ./www/plugins/cordova-plugin-statusbar/www/statusbar.js ... 
2019-06-19 04:18:44 +0000  3376 bytes for ./www/plugins/cordova-plugin-statusbar/www/statusbar.js
2019-06-19 04:18:44 +0000  copying file ./www/plugins/cordova-plugin-x-toast/test/tests.js ... 
2019-06-19 04:18:44 +0000  1845 bytes for ./www/plugins/cordova-plugin-x-toast/test/tests.js
copying file ./www/plugins/cordova-plugin-x-toast/www/Toast.js ... 
2727 bytes for ./www/plugins/cordova-plugin-x-toast/www/Toast.js
copying file ./www/plugins/es6-promise-plugin/www/promise.js ... 
9161 bytes for ./www/plugins/es6-promise-plugin/www/promise.js
copying file ./www/plugins/install/www/install.js ... 
322 bytes for ./www/plugins/install/www/install.js
copying file ./www/plugins/ionic-plugin-keyboard/www/ios/keyboard.js ... 
1108 bytes for ./www/plugins/ionic-plugin-keyboard/www/ios/keyboard.js
copying file ./www/plugins/jpush-phonegap-plugin/www/JPushPlugin.js ... 
11550 bytes for ./www/plugins/jpush-phonegap-plugin/www/JPushPlugin.js
copying file ./www/plugins/org.cordova.PermissionsPlugin/www/PermissionsPlugin.js ... 
574 bytes for ./www/plugins/org.cordova.PermissionsPlugin/www/PermissionsPlugin.js
copying file ./www/shared/directives/echart.directives.js ... 
5130 bytes for ./www/shared/directives/echart.directives.js
copying file ./www/shared/directives/form-handle.directives.js ... 
902 bytes for ./www/shared/directives/form-handle.directives.js
copying file ./www/shared/directives/html.directives.js ... 
4508 bytes for ./www/shared/directives/html.directives.js
copying file ./www/shared/directives/information.directives.js ... 
877 bytes for ./www/shared/directives/information.directives.js
copying file ./www/shared/directives/pinch-form.directives.js ... 
180274 bytes for ./www/shared/directives/pinch-form.directives.js
copying file ./www/shared/directives/select-template.html ... 
962 bytes for ./www/shared/directives/select-template.html
copying file ./www/shared/directives/view-form-myPopup.directives.js ... 
6833 bytes for ./www/shared/directives/view-form-myPopup.directives.js
copying file ./www/shared/directives/view-form.directives.js ... 
12670 bytes for ./www/shared/directives/view-form.directives.js
copying file ./www/shared/lib/baseService.js ... 
2909 bytes for ./www/shared/lib/baseService.js
copying file ./www/shared/lib/component.js ... 
7764 bytes for ./www/shared/lib/component.js
copying file ./www/shared/lib/echarts.min.js ... 
2019-06-19 04:18:44 +0000  707131 bytes for ./www/shared/lib/echarts.min.js
2019-06-19 04:18:44 +0000  copying file ./www/shared/lib/jqueryValidate/customValid.js ... 
14033 bytes for ./www/shared/lib/jqueryValidate/customValid.js
copying file ./www/shared/lib/jqueryValidate/jquery.qtip.css ... 
2232 bytes for ./www/shared/lib/jqueryValidate/jquery.qtip.css
copying file ./www/shared/lib/jqueryValidate/jquery.qtip.js ... 
102183 bytes for ./www/shared/lib/jqueryValidate/jquery.qtip.js
copying file ./www/shared/lib/uploadModule.js ... 
7267 bytes for ./www/shared/lib/uploadModule.js
copying file ./www/shared/lib/util.js ... 
14473 bytes for ./www/shared/lib/util.js
copying file ./www/wk-plugin.js ... 
1388 bytes for ./www/wk-plugin.js
2019-06-19 04:18:44 +0000  2019-06-19 04:18:44 +0000 [MT] /usr/bin/ditto exited with 0

2019-06-19 04:18:44 +0000  2019-06-19 04:18:44 +0000  

2019-06-19 04:18:44 +0000 [MT] Processing step: IDEDistributionEmbedProfileStep
2019-06-19 04:18:44 +0000 [MT] Processing step: IDEDistributionAppThinningPlistStep
2019-06-19 04:18:44 +0000 [MT] Skipping step: IDEDistributionAppThinningPlistStep because it said so
2019-06-19 04:18:44 +0000 [MT] Processing step: IDEDistributionCompileBitcodeStep
2019-06-19 04:18:44 +0000 [MT] Skipping step: IDEDistributionCompileBitcodeStep because it said so
2019-06-19 04:18:44 +0000 [MT] Processing step: IDEDistributionCodeSlimmingStep
2019-06-19 04:18:44 +0000 [MT] Processing step: IDEDistributionCopyBCSymbolMapsStep
2019-06-19 04:18:44 +0000 [MT] Skipping step: IDEDistributionCopyBCSymbolMapsStep because it said so
2019-06-19 04:18:44 +0000 [MT] Processing step: IDEDistributionSymbolsStep
2019-06-19 04:18:44 +0000 [MT] Skipping step: IDEDistributionSymbolsStep because it said so
2019-06-19 04:18:44 +0000 [MT] Processing step: IDEDistributionAppThinningStep
2019-06-19 04:18:44 +0000 [MT] Skipping step: IDEDistributionAppThinningStep because it said so
2019-06-19 04:18:44 +0000 [MT] Processing step: IDEDistributionODRStep
2019-06-19 04:18:44 +0000 [MT] Processing step: IDEDistributionStripXattrsStep
2019-06-19 04:18:44 +0000 [MT] Running /usr/bin/xattr '-crs' '/var/folders/qd/vs8dwzqj0xv_tqxdtc1b9x3m0000gn/T/XcodeDistPipeline.VBj/Root/Payload/OA.app'
2019-06-19 04:18:46 +0000  
2019-06-19 04:18:46 +0000  
2019-06-19 04:18:46 +0000  2019-06-19 04:18:46 +0000 [MT] /usr/bin/xattr exited with 0

2019-06-19 04:18:46 +0000  2019-06-19 04:18:46 +0000  

2019-06-19 04:18:46 +0000 [MT] Processing step: IDEDistributionCodesignStep
2019-06-19 04:18:46 +0000 [MT] Entitlements for <IDEDistributionItem: 0x7fb3c18bd0d0 'com.chinaZhongwang.oa' '<DVTFilePath:0x7fb3c17173c0:'/Users/zwmac/Documents/code/oa-ly/zw-oa/platforms/ios/OA.xcarchive/Products/Applications/OA.app'>'>: {
    "application-identifier" = "5HBJ42PL9W.com.chinaZhongwang.oa";
    "com.apple.developer.team-identifier" = 5HBJ42PL9W;
    "get-task-allow" = 0;
    "keychain-access-groups" =     (
        "5HBJ42PL9W.com.chinaZhongwang.oa"
    );
}
2019-06-19 04:18:46 +0000 [MT] Writing entitlements for <IDEDistributionItem: 0x7fb3c18bd0d0 'com.chinaZhongwang.oa' '<DVTFilePath:0x7fb3c17173c0:'/Users/zwmac/Documents/code/oa-ly/zw-oa/platforms/ios/OA.xcarchive/Products/Applications/OA.app'>'> to: /var/folders/qd/vs8dwzqj0xv_tqxdtc1b9x3m0000gn/T/XcodeDistPipeline.VBj/entitlementsOdjNY0
2019-06-19 04:18:46 +0000 [MT] Running /usr/bin/codesign '-vvv' '--force' '--sign' '76C9BBC87956C1A908DC6C69E1CEF32AE9C654C3' '--preserve-metadata=identifier,flags' '--entitlements' '/var/folders/qd/vs8dwzqj0xv_tqxdtc1b9x3m0000gn/T/XcodeDistPipeline.VBj/entitlementsOdjNY0' '/var/folders/qd/vs8dwzqj0xv_tqxdtc1b9x3m0000gn/T/XcodeDistPipeline.VBj/Root/Payload/OA.app'
2019-06-19 04:18:47 +0000  /var/folders/qd/vs8dwzqj0xv_tqxdtc1b9x3m0000gn/T/XcodeDistPipeline.VBj/Root/Payload/OA.app: replacing existing signature
2019-06-19 04:18:47 +0000  /var/folders/qd/vs8dwzqj0xv_tqxdtc1b9x3m0000gn/T/XcodeDistPipeline.VBj/Root/Payload/OA.app: signed app bundle with Mach-O universal (armv7 arm64) [com.chinaZhongwang.oa]
2019-06-19 04:18:47 +0000  
2019-06-19 04:18:47 +0000  
2019-06-19 04:18:47 +0000 [MT] /usr/bin/codesign exited with 02019-06-19 04:18:47 +0000  

2019-06-19 04:18:47 +0000  
2019-06-19 04:18:47 +0000 [MT] Processing step: IDEDistributionStreamingZipItemStep
2019-06-19 04:18:47 +0000 [MT] Skipping step: IDEDistributionStreamingZipItemStep because it said so
2019-06-19 04:18:47 +0000 [MT] Processing step: IDEDistributionCreateIPAStep
2019-06-19 04:18:47 +0000 [MT] Running /usr/bin/ditto '-V' '-c' '-k' '--norsrc' '/var/folders/qd/vs8dwzqj0xv_tqxdtc1b9x3m0000gn/T/XcodeDistPipeline.VBj/Root' '/var/folders/qd/vs8dwzqj0xv_tqxdtc1b9x3m0000gn/T/XcodeDistPipeline.VBj/Packages/OA.ipa'
2019-06-19 04:18:47 +0000  >>> Copying /var/folders/qd/vs8dwzqj0xv_tqxdtc1b9x3m0000gn/T/XcodeDistPipeline.VBj/Root 
2019-06-19 04:18:47 +0000  copying file ./Payload/OA.app/_CodeSignature/CodeResources ... 
2019-06-19 04:18:47 +0000  87981 bytes for ./Payload/OA.app/_CodeSignature/CodeResources
2019-06-19 04:18:47 +0000  copying file ./Payload/OA.app/AppIcon29x29.png ... 
2019-06-19 04:18:47 +0000  2238 bytes for ./Payload/OA.app/AppIcon29x29.png
copying file ./Payload/OA.app/AppIcon29x29@2x.png ... 
2019-06-19 04:18:47 +0000  3821 bytes for ./Payload/OA.app/AppIcon29x29@2x.png
copying file ./Payload/OA.app/AppIcon29x29@2x~ipad.png ... 
3821 bytes for ./Payload/OA.app/AppIcon29x29@2x~ipad.png
copying file ./Payload/OA.app/AppIcon29x29@3x.png ... 
2019-06-19 04:18:47 +0000  5687 bytes for ./Payload/OA.app/AppIcon29x29@3x.png
copying file ./Payload/OA.app/AppIcon29x29~ipad.png ... 
2019-06-19 04:18:47 +0000  2238 bytes for ./Payload/OA.app/AppIcon29x29~ipad.png
copying file ./Payload/OA.app/AppIcon40x40@2x.png ... 
2019-06-19 04:18:47 +0000  5307 bytes for ./Payload/OA.app/AppIcon40x40@2x.png
copying file ./Payload/OA.app/AppIcon40x40@2x~ipad.png ... 
2019-06-19 04:18:47 +0000  5307 bytes for ./Payload/OA.app/AppIcon40x40@2x~ipad.png
copying file ./Payload/OA.app/AppIcon40x40@3x.png ... 
2019-06-19 04:18:47 +0000  7411 bytes for ./Payload/OA.app/AppIcon40x40@3x.png
copying file ./Payload/OA.app/AppIcon40x40~ipad.png ... 
2856 bytes for ./Payload/OA.app/AppIcon40x40~ipad.png
2019-06-19 04:18:47 +0000  copying file ./Payload/OA.app/AppIcon50x50@2x~ipad.png ... 
2019-06-19 04:18:47 +0000  6396 bytes for ./Payload/OA.app/AppIcon50x50@2x~ipad.png
copying file ./Payload/OA.app/AppIcon50x50~ipad.png ... 
2019-06-19 04:18:47 +0000  3400 bytes for ./Payload/OA.app/AppIcon50x50~ipad.png
copying file ./Payload/OA.app/AppIcon57x57.png ... 
2019-06-19 04:18:47 +0000  3795 bytes for ./Payload/OA.app/AppIcon57x57.png
copying file ./Payload/OA.app/AppIcon57x57@2x.png ... 
2019-06-19 04:18:47 +0000  7063 bytes for ./Payload/OA.app/AppIcon57x57@2x.png
copying file ./Payload/OA.app/AppIcon60x60@2x.png ... 
2019-06-19 04:18:47 +0000  7411 bytes for ./Payload/OA.app/AppIcon60x60@2x.png
copying file ./Payload/OA.app/AppIcon60x60@3x.png ... 
2019-06-19 04:18:47 +0000  10403 bytes for ./Payload/OA.app/AppIcon60x60@3x.png
2019-06-19 04:18:47 +0000  copying file ./Payload/OA.app/AppIcon72x72@2x~ipad.png ... 
2019-06-19 04:18:47 +0000  8525 bytes for ./Payload/OA.app/AppIcon72x72@2x~ipad.png
copying file ./Payload/OA.app/AppIcon72x72~ipad.png ... 
2019-06-19 04:18:47 +0000  4956 bytes for ./Payload/OA.app/AppIcon72x72~ipad.png
copying file ./Payload/OA.app/AppIcon76x76@2x~ipad.png ... 
2019-06-19 04:18:47 +0000  8984 bytes for ./Payload/OA.app/AppIcon76x76@2x~ipad.png
copying file ./Payload/OA.app/AppIcon76x76~ipad.png ... 
2019-06-19 04:18:47 +0000  5088 bytes for ./Payload/OA.app/AppIcon76x76~ipad.png
copying file ./Payload/OA.app/AppIcon83.5x83.5@2x~ipad.png ... 
2019-06-19 04:18:47 +0000  9694 bytes for ./Payload/OA.app/AppIcon83.5x83.5@2x~ipad.png
copying file ./Payload/OA.app/Assets.car ... 
2019-06-19 04:18:47 +0000  140968 bytes for ./Payload/OA.app/Assets.car
copying file ./Payload/OA.app/config.xml ... 
2019-06-19 04:18:47 +0000  7357 bytes for ./Payload/OA.app/config.xml
2019-06-19 04:18:47 +0000  copying file ./Payload/OA.app/embedded.mobileprovision ... 
2019-06-19 04:18:47 +0000  7809 bytes for ./Payload/OA.app/embedded.mobileprovision
copying file ./Payload/OA.app/Info.plist ... 
2019-06-19 04:18:47 +0000  2286 bytes for ./Payload/OA.app/Info.plist
copying file ./Payload/OA.app/JPushConfig.plist ... 
2019-06-19 04:18:47 +0000  146 bytes for ./Payload/OA.app/JPushConfig.plist
copying file ./Payload/OA.app/LaunchImage-568h@2x.png ... 
2019-06-19 04:18:47 +0000  278225 bytes for ./Payload/OA.app/LaunchImage-568h@2x.png
copying file ./Payload/OA.app/LaunchImage-700-568h@2x.png ... 
2019-06-19 04:18:47 +0000  278225 bytes for ./Payload/OA.app/LaunchImage-700-568h@2x.png
copying file ./Payload/OA.app/LaunchImage-700-Landscape@2x~ipad.png ... 
2019-06-19 04:18:47 +0000  636953 bytes for ./Payload/OA.app/LaunchImage-700-Landscape@2x~ipad.png
2019-06-19 04:18:47 +0000  copying file ./Payload/OA.app/LaunchImage-700-Landscape~ipad.png ... 
2019-06-19 04:18:47 +0000  306272 bytes for ./Payload/OA.app/LaunchImage-700-Landscape~ipad.png
2019-06-19 04:18:47 +0000  copying file ./Payload/OA.app/LaunchImage-700-Portrait@2x~ipad.png ... 
2019-06-19 04:18:47 +0000  482251 bytes for ./Payload/OA.app/LaunchImage-700-Portrait@2x~ipad.png
copying file ./Payload/OA.app/LaunchImage-700-Portrait~ipad.png ... 
2019-06-19 04:18:47 +0000  299143 bytes for ./Payload/OA.app/LaunchImage-700-Portrait~ipad.png
copying file ./Payload/OA.app/LaunchImage-700@2x.png ... 
2019-06-19 04:18:47 +0000  257549 bytes for ./Payload/OA.app/LaunchImage-700@2x.png
copying file ./Payload/OA.app/LaunchImage-800-667h@2x.png ... 
2019-06-19 04:18:47 +0000  358799 bytes for ./Payload/OA.app/LaunchImage-800-667h@2x.png
copying file ./Payload/OA.app/LaunchImage-800-Landscape-736h@3x.png ... 
2019-06-19 04:18:47 +0000  551749 bytes for ./Payload/OA.app/LaunchImage-800-Landscape-736h@3x.png
copying file ./Payload/OA.app/LaunchImage-800-Portrait-736h@3x.png ... 
2019-06-19 04:18:47 +0000  591838 bytes for ./Payload/OA.app/LaunchImage-800-Portrait-736h@3x.png
copying file ./Payload/OA.app/LaunchImage-Portrait@2x~ipad.png ... 
2019-06-19 04:18:47 +0000  482251 bytes for ./Payload/OA.app/LaunchImage-Portrait@2x~ipad.png
copying file ./Payload/OA.app/LaunchImage-Portrait~ipad.png ... 
2019-06-19 04:18:47 +0000  299143 bytes for ./Payload/OA.app/LaunchImage-Portrait~ipad.png
copying file ./Payload/OA.app/LaunchImage.png ... 
2019-06-19 04:18:47 +0000  77185 bytes for ./Payload/OA.app/LaunchImage.png
copying file ./Payload/OA.app/LaunchImage@2x.png ... 
2019-06-19 04:18:48 +0000  257549 bytes for ./Payload/OA.app/LaunchImage@2x.png
copying file ./Payload/OA.app/MainViewController.nib ... 
2019-06-19 04:18:48 +0000  943 bytes for ./Payload/OA.app/MainViewController.nib
copying file ./Payload/OA.app/OA ... 
2019-06-19 04:18:48 +0000  2845776 bytes for ./Payload/OA.app/OA
copying file ./Payload/OA.app/PkgInfo ... 
2019-06-19 04:18:48 +0000  8 bytes for ./Payload/OA.app/PkgInfo
copying file ./Payload/OA.app/www/app/auth/img/1024-logo-yk.png ... 
2019-06-19 04:18:48 +0000  32795 bytes for ./Payload/OA.app/www/app/auth/img/1024-logo-yk.png
copying file ./Payload/OA.app/www/app/auth/img/1024-logo.png ... 
2019-06-19 04:18:48 +0000  10995 bytes for ./Payload/OA.app/www/app/auth/img/1024-logo.png
copying file ./Payload/OA.app/www/app/auth/img/1024-yk.jpg ... 
2019-06-19 04:18:48 +0000  469949 bytes for ./Payload/OA.app/www/app/auth/img/1024-yk.jpg
copying file ./Payload/OA.app/www/app/auth/img/1024.jpg ... 
2019-06-19 04:18:48 +0000  52049 bytes for ./Payload/OA.app/www/app/auth/img/1024.jpg
copying file ./Payload/OA.app/www/app/auth/img/640-logo-yk.png ... 
2019-06-19 04:18:48 +0000  34220 bytes for ./Payload/OA.app/www/app/auth/img/640-logo-yk.png
copying file ./Payload/OA.app/www/app/auth/img/640-logo.png ... 
2019-06-19 04:18:48 +0000  11150 bytes for ./Payload/OA.app/www/app/auth/img/640-logo.png
copying file ./Payload/OA.app/www/app/auth/img/640-yk.jpg ... 
2019-06-19 04:18:48 +0000  356706 bytes for ./Payload/OA.app/www/app/auth/img/640-yk.jpg
copying file ./Payload/OA.app/www/app/auth/img/640.jpg ... 
2019-06-19 04:18:48 +0000  38858 bytes for ./Payload/OA.app/www/app/auth/img/640.jpg
copying file ./Payload/OA.app/www/app/auth/img/720-logo-yk.png ... 
2019-06-19 04:18:48 +0000  38367 bytes for ./Payload/OA.app/www/app/auth/img/720-logo-yk.png
copying file ./Payload/OA.app/www/app/auth/img/720-logo.png ... 
2019-06-19 04:18:48 +0000  13824 bytes for ./Payload/OA.app/www/app/auth/img/720-logo.png
copying file ./Payload/OA.app/www/app/auth/img/720-yk.jpg ... 
2019-06-19 04:18:48 +0000  449441 bytes for ./Payload/OA.app/www/app/auth/img/720-yk.jpg
copying file ./Payload/OA.app/www/app/auth/img/720.jpg ... 
2019-06-19 04:18:48 +0000  49674 bytes for ./Payload/OA.app/www/app/auth/img/720.jpg
copying file ./Payload/OA.app/www/app/auth/img/768-logo-yk.png ... 
2019-06-19 04:18:48 +0000  33969 bytes for ./Payload/OA.app/www/app/auth/img/768-logo-yk.png
copying file ./Payload/OA.app/www/app/auth/img/768-logo.png ... 
2019-06-19 04:18:48 +0000  12400 bytes for ./Payload/OA.app/www/app/auth/img/768-logo.png
copying file ./Payload/OA.app/www/app/auth/img/768-yk.jpg ... 
2019-06-19 04:18:48 +0000  438045 bytes for ./Payload/OA.app/www/app/auth/img/768-yk.jpg
copying file ./Payload/OA.app/www/app/auth/img/768.jpg ... 
2019-06-19 04:18:48 +0000  48177 bytes for ./Payload/OA.app/www/app/auth/img/768.jpg
copying file ./Payload/OA.app/www/app/auth/img/800-logo-yk.png ... 
29156 bytes for ./Payload/OA.app/www/app/auth/img/800-logo-yk.png
copying file ./Payload/OA.app/www/app/auth/img/800-logo.png ... 
9448 bytes for ./Payload/OA.app/www/app/auth/img/800-logo.png
copying file ./Payload/OA.app/www/app/auth/img/800-yk.jpg ... 
2019-06-19 04:18:48 +0000  236652 bytes for ./Payload/OA.app/www/app/auth/img/800-yk.jpg
2019-06-19 04:18:48 +0000  copying file ./Payload/OA.app/www/app/auth/img/800.jpg ... 
2019-06-19 04:18:48 +0000  31429 bytes for ./Payload/OA.app/www/app/auth/img/800.jpg
copying file ./Payload/OA.app/www/app/auth/img/call-phone.png ... 
2019-06-19 04:18:48 +0000  1857 bytes for ./Payload/OA.app/www/app/auth/img/call-phone.png
copying file ./Payload/OA.app/www/app/auth/img/login-man-img.png ... 
2019-06-19 04:18:48 +0000  692 bytes for ./Payload/OA.app/www/app/auth/img/login-man-img.png
copying file ./Payload/OA.app/www/app/auth/img/login-password-img.png ... 
917 bytes for ./Payload/OA.app/www/app/auth/img/login-password-img.png
copying file ./Payload/OA.app/www/app/auth/img/zhongwang-logo-02.png ... 
2019-06-19 04:18:48 +0000  7535 bytes for ./Payload/OA.app/www/app/auth/img/zhongwang-logo-02.png
2019-06-19 04:18:48 +0000  copying file ./Payload/OA.app/www/app/mine/img/about_system_qr_img.png ... 
2019-06-19 04:18:48 +0000  409 bytes for ./Payload/OA.app/www/app/mine/img/about_system_qr_img.png
copying file ./Payload/OA.app/www/app/mine/img/about_system_title.png ... 
2019-06-19 04:18:48 +0000  6926 bytes for ./Payload/OA.app/www/app/mine/img/about_system_title.png
copying file ./Payload/OA.app/www/app/mine/img/company_logo_img.png ... 
2019-06-19 04:18:48 +0000  12686 bytes for ./Payload/OA.app/www/app/mine/img/company_logo_img.png
copying file ./Payload/OA.app/www/app/mine/img/mine-about-system.png ... 
2019-06-19 04:18:48 +0000  932 bytes for ./Payload/OA.app/www/app/mine/img/mine-about-system.png
copying file ./Payload/OA.app/www/app/mine/img/mine-arrow-right.png ... 
2019-06-19 04:18:48 +0000  605 bytes for ./Payload/OA.app/www/app/mine/img/mine-arrow-right.png
copying file ./Payload/OA.app/www/app/mine/img/mine-bill-set.png ... 
2019-06-19 04:18:48 +0000  561 bytes for ./Payload/OA.app/www/app/mine/img/mine-bill-set.png
copying file ./Payload/OA.app/www/app/mine/img/mine-clear-cache.png ... 
985 bytes for ./Payload/OA.app/www/app/mine/img/mine-clear-cache.png
copying file ./Payload/OA.app/www/app/mine/img/mine-gestures-password.png ... 
2019-06-19 04:18:48 +0000  678 bytes for ./Payload/OA.app/www/app/mine/img/mine-gestures-password.png
copying file ./Payload/OA.app/www/app/mine/img/mine-home-page-set.png ... 
2019-06-19 04:18:48 +0000  490 bytes for ./Payload/OA.app/www/app/mine/img/mine-home-page-set.png
copying file ./Payload/OA.app/www/app/mine/img/mine-login-password.png ... 
2019-06-19 04:18:48 +0000  1271 bytes for ./Payload/OA.app/www/app/mine/img/mine-login-password.png
copying file ./Payload/OA.app/www/app/mine/img/mine-new-img.png ... 
2019-06-19 04:18:48 +0000  347 bytes for ./Payload/OA.app/www/app/mine/img/mine-new-img.png
copying file ./Payload/OA.app/www/app/mine/img/mine-signature.png ... 
621 bytes for ./Payload/OA.app/www/app/mine/img/mine-signature.png
2019-06-19 04:18:48 +0000  copying file ./Payload/OA.app/www/app/notification/img/notification.png ... 
2019-06-19 04:18:48 +0000  1482 bytes for ./Payload/OA.app/www/app/notification/img/notification.png
copying file ./Payload/OA.app/www/app/notification/img/view-form-notification.png ... 
2019-06-19 04:18:48 +0000  5257 bytes for ./Payload/OA.app/www/app/notification/img/view-form-notification.png
2019-06-19 04:18:48 +0000  copying file ./Payload/OA.app/www/app/view-form/img/1.png ... 
2019-06-19 04:18:48 +0000  7887 bytes for ./Payload/OA.app/www/app/view-form/img/1.png
copying file ./Payload/OA.app/www/app/view-form/img/2.png ... 
2019-06-19 04:18:48 +0000  8113 bytes for ./Payload/OA.app/www/app/view-form/img/2.png
copying file ./Payload/OA.app/www/app/view-form/img/3.png ... 
2019-06-19 04:18:48 +0000  8068 bytes for ./Payload/OA.app/www/app/view-form/img/3.png
copying file ./Payload/OA.app/www/app/view-form/img/4.png ... 
2019-06-19 04:18:48 +0000  7748 bytes for ./Payload/OA.app/www/app/view-form/img/4.png
copying file ./Payload/OA.app/www/app/view-form/img/5.png ... 
2019-06-19 04:18:48 +0000  7991 bytes for ./Payload/OA.app/www/app/view-form/img/5.png
copying file ./Payload/OA.app/www/app/view-form/img/6.png ... 
2019-06-19 04:18:48 +0000  8057 bytes for ./Payload/OA.app/www/app/view-form/img/6.png
copying file ./Payload/OA.app/www/app/view-form/img/7.png ... 
2019-06-19 04:18:48 +0000  8010 bytes for ./Payload/OA.app/www/app/view-form/img/7.png
copying file ./Payload/OA.app/www/app/view-form/img/8.png ... 
2019-06-19 04:18:48 +0000  8156 bytes for ./Payload/OA.app/www/app/view-form/img/8.png
copying file ./Payload/OA.app/www/app/view-form/img/9.png ... 
2019-06-19 04:18:48 +0000  8353 bytes for ./Payload/OA.app/www/app/view-form/img/9.png
2019-06-19 04:18:48 +0000  copying file ./Payload/OA.app/www/app/view-form/img/care.png ... 
939 bytes for ./Payload/OA.app/www/app/view-form/img/care.png
copying file ./Payload/OA.app/www/app/view-form/img/closeImg.png ... 
2019-06-19 04:18:48 +0000  4877 bytes for ./Payload/OA.app/www/app/view-form/img/closeImg.png
copying file ./Payload/OA.app/www/app/view-form/img/down.png ... 
2019-06-19 04:18:48 +0000  914 bytes for ./Payload/OA.app/www/app/view-form/img/down.png
copying file ./Payload/OA.app/www/app/view-form/img/more_load.gif ... 
2019-06-19 04:18:48 +0000  5208 bytes for ./Payload/OA.app/www/app/view-form/img/more_load.gif
copying file ./Payload/OA.app/www/app/view-form/img/picture404.png ... 
2019-06-19 04:18:48 +0000  18447 bytes for ./Payload/OA.app/www/app/view-form/img/picture404.png
copying file ./Payload/OA.app/www/app/view-form/img/red-exclamation-mark.png ... 
2019-06-19 04:18:48 +0000  497 bytes for ./Payload/OA.app/www/app/view-form/img/red-exclamation-mark.png
copying file ./Payload/OA.app/www/app/view-form/img/up.png ... 
2019-06-19 04:18:48 +0000  814 bytes for ./Payload/OA.app/www/app/view-form/img/up.png
copying file ./Payload/OA.app/www/app/view-form/img/view-form-add.png ... 
2019-06-19 04:18:48 +0000  1123 bytes for ./Payload/OA.app/www/app/view-form/img/view-form-add.png
copying file ./Payload/OA.app/www/app/view-form/img/view-form-album.png ... 
2019-06-19 04:18:48 +0000  2169 bytes for ./Payload/OA.app/www/app/view-form/img/view-form-album.png
copying file ./Payload/OA.app/www/app/view-form/img/view-form-amplification.png ... 
2019-06-19 04:18:48 +0000  1486 bytes for ./Payload/OA.app/www/app/view-form/img/view-form-amplification.png
copying file ./Payload/OA.app/www/app/view-form/img/view-form-attachment.png ... 
1564 bytes for ./Payload/OA.app/www/app/view-form/img/view-form-attachment.png
copying file ./Payload/OA.app/www/app/view-form/img/view-form-camera.png ... 
2019-06-19 04:18:48 +0000  2433 bytes for ./Payload/OA.app/www/app/view-form/img/view-form-camera.png
copying file ./Payload/OA.app/www/app/view-form/img/view-form-communicate.png ... 
2019-06-19 04:18:48 +0000  604 bytes for ./Payload/OA.app/www/app/view-form/img/view-form-communicate.png
copying file ./Payload/OA.app/www/app/view-form/img/view-form-consent.png ... 
2019-06-19 04:18:48 +0000  540 bytes for ./Payload/OA.app/www/app/view-form/img/view-form-consent.png
copying file ./Payload/OA.app/www/app/view-form/img/view-form-current.png ... 
546 bytes for ./Payload/OA.app/www/app/view-form/img/view-form-current.png
copying file ./Payload/OA.app/www/app/view-form/img/view-form-horn.png ... 
2019-06-19 04:18:48 +0000  1491 bytes for ./Payload/OA.app/www/app/view-form/img/view-form-horn.png
copying file ./Payload/OA.app/www/app/view-form/img/view-form-initiate.png ... 
673 bytes for ./Payload/OA.app/www/app/view-form/img/view-form-initiate.png
2019-06-19 04:18:48 +0000  copying file ./Payload/OA.app/www/app/view-form/img/view-form-load.gif ... 
2019-06-19 04:18:48 +0000  9516 bytes for ./Payload/OA.app/www/app/view-form/img/view-form-load.gif
copying file ./Payload/OA.app/www/app/view-form/img/view-form-right.png ... 
2019-06-19 04:18:48 +0000  4752 bytes for ./Payload/OA.app/www/app/view-form/img/view-form-right.png
copying file ./Payload/OA.app/www/app/view-form/img/view-form-transform-arrow.png ... 
2019-06-19 04:18:48 +0000  248 bytes for ./Payload/OA.app/www/app/view-form/img/view-form-transform-arrow.png
copying file ./Payload/OA.app/www/app/view-form/img/voice-hint-img.gif ... 
2019-06-19 04:18:48 +0000  35387 bytes for ./Payload/OA.app/www/app/view-form/img/voice-hint-img.gif
2019-06-19 04:18:48 +0000  copying file ./Payload/OA.app/www/app/wait-work/img/wait-work-get-back.png ... 
2019-06-19 04:18:48 +0000  586 bytes for ./Payload/OA.app/www/app/wait-work/img/wait-work-get-back.png
copying file ./Payload/OA.app/www/app/wait-work/img/wait-work-header-Sizer.png ... 
397 bytes for ./Payload/OA.app/www/app/wait-work/img/wait-work-header-Sizer.png
copying file ./Payload/OA.app/www/app/wait-work/img/wait-work-msg.png ... 
2019-06-19 04:18:48 +0000  376 bytes for ./Payload/OA.app/www/app/wait-work/img/wait-work-msg.png
copying file ./Payload/OA.app/www/app/wait-work/img/wait-work-pause-save.png ... 
2019-06-19 04:18:48 +0000  589 bytes for ./Payload/OA.app/www/app/wait-work/img/wait-work-pause-save.png
copying file ./Payload/OA.app/www/app/wait-work/img/wait-work-read.png ... 
583 bytes for ./Payload/OA.app/www/app/wait-work/img/wait-work-read.png
copying file ./Payload/OA.app/www/app/wait-work/img/wait-work-tip.png ... 
2019-06-19 04:18:48 +0000  1673 bytes for ./Payload/OA.app/www/app/wait-work/img/wait-work-tip.png
copying file ./Payload/OA.app/www/app/wait-work/img/wait-work-unread.png ... 
2019-06-19 04:18:48 +0000  605 bytes for ./Payload/OA.app/www/app/wait-work/img/wait-work-unread.png
2019-06-19 04:18:48 +0000  copying file ./Payload/OA.app/www/app/work/img/al-finance-approval.png ... 
2019-06-19 04:18:48 +0000  6013 bytes for ./Payload/OA.app/www/app/work/img/al-finance-approval.png
copying file ./Payload/OA.app/www/app/work/img/al-other-approval.png ... 
2019-06-19 04:18:48 +0000  1818 bytes for ./Payload/OA.app/www/app/work/img/al-other-approval.png
copying file ./Payload/OA.app/www/app/work/img/al-pay-approval.png ... 
2019-06-19 04:18:48 +0000  4522 bytes for ./Payload/OA.app/www/app/work/img/al-pay-approval.png
copying file ./Payload/OA.app/www/app/work/img/al-purchase-approval.png ... 
2019-06-19 04:18:48 +0000  1993 bytes for ./Payload/OA.app/www/app/work/img/al-purchase-approval.png
copying file ./Payload/OA.app/www/app/work/img/already-matter.png ... 
2019-06-19 04:18:48 +0000  1754 bytes for ./Payload/OA.app/www/app/work/img/already-matter.png
copying file ./Payload/OA.app/www/app/work/img/custom-db.png ... 
2019-06-19 04:18:48 +0000  1340 bytes for ./Payload/OA.app/www/app/work/img/custom-db.png
copying file ./Payload/OA.app/www/app/work/img/custom-img-eight.png ... 
2019-06-19 04:18:48 +0000  1773 bytes for ./Payload/OA.app/www/app/work/img/custom-img-eight.png
copying file ./Payload/OA.app/www/app/work/img/custom-img-five.png ... 
2019-06-19 04:18:48 +0000  1747 bytes for ./Payload/OA.app/www/app/work/img/custom-img-five.png
copying file ./Payload/OA.app/www/app/work/img/custom-img-four.png ... 
2019-06-19 04:18:48 +0000  1883 bytes for ./Payload/OA.app/www/app/work/img/custom-img-four.png
copying file ./Payload/OA.app/www/app/work/img/custom-img-nine.png ... 
2019-06-19 04:18:48 +0000  1722 bytes for ./Payload/OA.app/www/app/work/img/custom-img-nine.png
copying file ./Payload/OA.app/www/app/work/img/custom-img-one.png ... 
2019-06-19 04:18:48 +0000  1717 bytes for ./Payload/OA.app/www/app/work/img/custom-img-one.png
copying file ./Payload/OA.app/www/app/work/img/custom-img-seven.png ... 
2019-06-19 04:18:48 +0000  1732 bytes for ./Payload/OA.app/www/app/work/img/custom-img-seven.png
copying file ./Payload/OA.app/www/app/work/img/custom-img-six.png ... 
2019-06-19 04:18:48 +0000  1747 bytes for ./Payload/OA.app/www/app/work/img/custom-img-six.png
copying file ./Payload/OA.app/www/app/work/img/custom-img-ten.png ... 
2019-06-19 04:18:48 +0000  1695 bytes for ./Payload/OA.app/www/app/work/img/custom-img-ten.png
copying file ./Payload/OA.app/www/app/work/img/custom-img-three.png ... 
2019-06-19 04:18:48 +0000  1577 bytes for ./Payload/OA.app/www/app/work/img/custom-img-three.png
copying file ./Payload/OA.app/www/app/work/img/custom-img-two.png ... 
2019-06-19 04:18:48 +0000  1635 bytes for ./Payload/OA.app/www/app/work/img/custom-img-two.png
copying file ./Payload/OA.app/www/app/work/img/custom-zh.png ... 
2019-06-19 04:18:48 +0000  3709 bytes for ./Payload/OA.app/www/app/work/img/custom-zh.png
2019-06-19 04:18:48 +0000  copying file ./Payload/OA.app/www/app/work/img/document-query.png ... 
1497 bytes for ./Payload/OA.app/www/app/work/img/document-query.png
2019-06-19 04:18:48 +0000  copying file ./Payload/OA.app/www/app/work/img/dolla-iconr.png ... 
319 bytes for ./Payload/OA.app/www/app/work/img/dolla-iconr.png
copying file ./Payload/OA.app/www/app/work/img/Euro-icon.png ... 
2019-06-19 04:18:48 +0000  284 bytes for ./Payload/OA.app/www/app/work/img/Euro-icon.png
copying file ./Payload/OA.app/www/app/work/img/finance-approval.png ... 
2019-06-19 04:18:48 +0000  5578 bytes for ./Payload/OA.app/www/app/work/img/finance-approval.png
copying file ./Payload/OA.app/www/app/work/img/my-work-add.png ... 
2019-06-19 04:18:48 +0000  1232 bytes for ./Payload/OA.app/www/app/work/img/my-work-add.png
copying file ./Payload/OA.app/www/app/work/img/my-work-due_out.png ... 
2019-06-19 04:18:48 +0000  1194 bytes for ./Payload/OA.app/www/app/work/img/my-work-due_out.png
copying file ./Payload/OA.app/www/app/work/img/my-work-else.png ... 
2019-06-19 04:18:48 +0000  1888 bytes for ./Payload/OA.app/www/app/work/img/my-work-else.png
copying file ./Payload/OA.app/www/app/work/img/my-work-finance.png ... 
2079 bytes for ./Payload/OA.app/www/app/work/img/my-work-finance.png
copying file ./Payload/OA.app/www/app/work/img/my-work-have_done.png ... 
1669 bytes for ./Payload/OA.app/www/app/work/img/my-work-have_done.png
copying file ./Payload/OA.app/www/app/work/img/my-work-matter-revocation.png ... 
672 bytes for ./Payload/OA.app/www/app/work/img/my-work-matter-revocation.png
2019-06-19 04:18:48 +0000  copying file ./Payload/OA.app/www/app/work/img/my-work-matter-send_back.png ... 
2019-06-19 04:18:48 +0000  566 bytes for ./Payload/OA.app/www/app/work/img/my-work-matter-send_back.png
copying file ./Payload/OA.app/www/app/work/img/my-work-new.png ... 
2019-06-19 04:18:48 +0000  873 bytes for ./Payload/OA.app/www/app/work/img/my-work-new.png
copying file ./Payload/OA.app/www/app/work/img/my-work-newmatter-chevron.png ... 
529 bytes for ./Payload/OA.app/www/app/work/img/my-work-newmatter-chevron.png
copying file ./Payload/OA.app/www/app/work/img/my-work-newmatter-document.png ... 
2019-06-19 04:18:48 +0000  504 bytes for ./Payload/OA.app/www/app/work/img/my-work-newmatter-document.png
copying file ./Payload/OA.app/www/app/work/img/my-work-official-doc.png ... 
2019-06-19 04:18:48 +0000  1711 bytes for ./Payload/OA.app/www/app/work/img/my-work-official-doc.png
copying file ./Payload/OA.app/www/app/work/img/my-work-personnel.png ... 
2019-06-19 04:18:48 +0000  2115 bytes for ./Payload/OA.app/www/app/work/img/my-work-personnel.png
copying file ./Payload/OA.app/www/app/work/img/my-work-purchase.png ... 
2019-06-19 04:18:48 +0000  1844 bytes for ./Payload/OA.app/www/app/work/img/my-work-purchase.png
copying file ./Payload/OA.app/www/app/work/img/my-work-sent.png ... 
2019-06-19 04:18:48 +0000  1564 bytes for ./Payload/OA.app/www/app/work/img/my-work-sent.png
copying file ./Payload/OA.app/www/app/work/img/my-work-tail_after.png ... 
2019-06-19 04:18:48 +0000  2004 bytes for ./Payload/OA.app/www/app/work/img/my-work-tail_after.png
copying file ./Payload/OA.app/www/app/work/img/my-work-understanding.png ... 
2019-06-19 04:18:48 +0000  1672 bytes for ./Payload/OA.app/www/app/work/img/my-work-understanding.png
copying file ./Payload/OA.app/www/app/work/img/notify-matter.png ... 
2019-06-19 04:18:48 +0000  2005 bytes for ./Payload/OA.app/www/app/work/img/notify-matter.png
copying file ./Payload/OA.app/www/app/work/img/other-approval.png ... 
1856 bytes for ./Payload/OA.app/www/app/work/img/other-approval.png
2019-06-19 04:18:48 +0000  copying file ./Payload/OA.app/www/app/work/img/pay-approval.png ... 
2019-06-19 04:18:48 +0000  4105 bytes for ./Payload/OA.app/www/app/work/img/pay-approval.png
copying file ./Payload/OA.app/www/app/work/img/purchase-approval.png ... 
2019-06-19 04:18:48 +0000  2012 bytes for ./Payload/OA.app/www/app/work/img/purchase-approval.png
copying file ./Payload/OA.app/www/app/work/img/rmb-icon.png ... 
2019-06-19 04:18:48 +0000  285 bytes for ./Payload/OA.app/www/app/work/img/rmb-icon.png
copying file ./Payload/OA.app/www/app/work/img/tracking-matter.png ... 
2019-06-19 04:18:48 +0000  2936 bytes for ./Payload/OA.app/www/app/work/img/tracking-matter.png
copying file ./Payload/OA.app/www/app/work/img/yen-icon.png ... 
205 bytes for ./Payload/OA.app/www/app/work/img/yen-icon.png
copying file ./Payload/OA.app/www/cordova-js-src/exec.js ... 
2019-06-19 04:18:48 +0000  8877 bytes for ./Payload/OA.app/www/cordova-js-src/exec.js
copying file ./Payload/OA.app/www/cordova-js-src/platform.js ... 
2019-06-19 04:18:48 +0000  943 bytes for ./Payload/OA.app/www/cordova-js-src/platform.js
copying file ./Payload/OA.app/www/cordova.js ... 
2019-06-19 04:18:48 +0000  60191 bytes for ./Payload/OA.app/www/cordova.js
copying file ./Payload/OA.app/www/cordova_plugins.js ... 
2019-06-19 04:18:48 +0000  13758 bytes for ./Payload/OA.app/www/cordova_plugins.js
2019-06-19 04:18:48 +0000  copying file ./Payload/OA.app/www/css/ionic.app.min.css ... 
2019-06-19 04:18:48 +0000  242679 bytes for ./Payload/OA.app/www/css/ionic.app.min.css
2019-06-19 04:18:48 +0000  copying file ./Payload/OA.app/www/img/adam.jpg ... 
2019-06-19 04:18:48 +0000  41324 bytes for ./Payload/OA.app/www/img/adam.jpg
copying file ./Payload/OA.app/www/img/add.png ... 
2019-06-19 04:18:48 +0000  932 bytes for ./Payload/OA.app/www/img/add.png
copying file ./Payload/OA.app/www/img/ion_notification_f.png ... 
2019-06-19 04:18:48 +0000  1289 bytes for ./Payload/OA.app/www/img/ion_notification_f.png
copying file ./Payload/OA.app/www/img/ion_notification_p.png ... 
2019-06-19 04:18:48 +0000  1289 bytes for ./Payload/OA.app/www/img/ion_notification_p.png
copying file ./Payload/OA.app/www/img/mine-select.png ... 
2019-06-19 04:18:48 +0000  2584 bytes for ./Payload/OA.app/www/img/mine-select.png
2019-06-19 04:18:48 +0000  copying file ./Payload/OA.app/www/img/mine-unselect.png ... 
1005 bytes for ./Payload/OA.app/www/img/mine-unselect.png
2019-06-19 04:18:48 +0000  copying file ./Payload/OA.app/www/img/nodata.svg ... 
803 bytes for ./Payload/OA.app/www/img/nodata.svg
copying file ./Payload/OA.app/www/img/tab-contact-f.png ... 
2019-06-19 04:18:48 +0000  1123 bytes for ./Payload/OA.app/www/img/tab-contact-f.png
copying file ./Payload/OA.app/www/img/tab-contact-p.png ... 
2019-06-19 04:18:48 +0000  762 bytes for ./Payload/OA.app/www/img/tab-contact-p.png
copying file ./Payload/OA.app/www/img/tab-mine-f.png ... 
2019-06-19 04:18:48 +0000  286 bytes for ./Payload/OA.app/www/img/tab-mine-f.png
copying file ./Payload/OA.app/www/img/tab-mine-p.png ... 
286 bytes for ./Payload/OA.app/www/img/tab-mine-p.png
copying file ./Payload/OA.app/www/img/tab-wait-work-f.png ... 
2019-06-19 04:18:48 +0000  739 bytes for ./Payload/OA.app/www/img/tab-wait-work-f.png
copying file ./Payload/OA.app/www/img/tab-wait-work-p.png ... 
2019-06-19 04:18:48 +0000  790 bytes for ./Payload/OA.app/www/img/tab-wait-work-p.png
copying file ./Payload/OA.app/www/img/tab-work-f.png ... 
418 bytes for ./Payload/OA.app/www/img/tab-work-f.png
copying file ./Payload/OA.app/www/img/tab-work-p.png ... 
2019-06-19 04:18:48 +0000  379 bytes for ./Payload/OA.app/www/img/tab-work-p.png
copying file ./Payload/OA.app/www/index.html ... 
2019-06-19 04:18:48 +0000  3130 bytes for ./Payload/OA.app/www/index.html
2019-06-19 04:18:48 +0000  copying file ./Payload/OA.app/www/js/app.bundle.min.js ... 
2019-06-19 04:18:48 +0000  207065 bytes for ./Payload/OA.app/www/js/app.bundle.min.js
copying file ./Payload/OA.app/www/js/app.plugin.min.js ... 
2019-06-19 04:18:48 +0000  677415 bytes for ./Payload/OA.app/www/js/app.plugin.min.js
copying file ./Payload/OA.app/www/js/templates.js ... 
2019-06-19 04:18:48 +0000  101477 bytes for ./Payload/OA.app/www/js/templates.js
2019-06-19 04:18:48 +0000  copying file ./Payload/OA.app/www/lib/ion-datetime-picker/release/ion-datetime-picker.min.css ... 
2019-06-19 04:18:48 +0000  2814 bytes for ./Payload/OA.app/www/lib/ion-datetime-picker/release/ion-datetime-picker.min.css
copying file ./Payload/OA.app/www/lib/ionic/fonts/ionicons.eot ... 
2019-06-19 04:18:48 +0000  120724 bytes for ./Payload/OA.app/www/lib/ionic/fonts/ionicons.eot
copying file ./Payload/OA.app/www/lib/ionic/fonts/ionicons.svg ... 
2019-06-19 04:18:48 +0000  333834 bytes for ./Payload/OA.app/www/lib/ionic/fonts/ionicons.svg
copying file ./Payload/OA.app/www/lib/ionic/fonts/ionicons.ttf ... 
2019-06-19 04:18:48 +0000  188508 bytes for ./Payload/OA.app/www/lib/ionic/fonts/ionicons.ttf
copying file ./Payload/OA.app/www/lib/ionic/fonts/ionicons.woff ... 
2019-06-19 04:18:48 +0000  67904 bytes for ./Payload/OA.app/www/lib/ionic/fonts/ionicons.woff
2019-06-19 04:18:48 +0000  copying file ./Payload/OA.app/www/lib/jquery/dist/jquery.min.js ... 
2019-06-19 04:18:48 +0000  85578 bytes for ./Payload/OA.app/www/lib/jquery/dist/jquery.min.js
2019-06-19 04:18:48 +0000  copying file ./Payload/OA.app/www/lib/oi.select/dist/select.css ... 
2019-06-19 04:18:48 +0000  7120 bytes for ./Payload/OA.app/www/lib/oi.select/dist/select.css
2019-06-19 04:18:48 +0000  copying file ./Payload/OA.app/www/locales/cn.json ... 
2019-06-19 04:18:48 +0000  9770 bytes for ./Payload/OA.app/www/locales/cn.json
copying file ./Payload/OA.app/www/locales/en.json ... 
2019-06-19 04:18:48 +0000  4497 bytes for ./Payload/OA.app/www/locales/en.json
2019-06-19 04:18:48 +0000  copying file ./Payload/OA.app/www/plugins/com.telerik.plugins.nativepagetransitions/www/NativePageTransitions.js ... 
2019-06-19 04:18:48 +0000  7122 bytes for ./Payload/OA.app/www/plugins/com.telerik.plugins.nativepagetransitions/www/NativePageTransitions.js
2019-06-19 04:18:48 +0000  copying file ./Payload/OA.app/www/plugins/cordova-media-with-compression/www/Media.js ... 
2019-06-19 04:18:48 +0000  7963 bytes for ./Payload/OA.app/www/plugins/cordova-media-with-compression/www/Media.js
2019-06-19 04:18:48 +0000  copying file ./Payload/OA.app/www/plugins/cordova-media-with-compression/www/MediaError.js ... 
2373 bytes for ./Payload/OA.app/www/plugins/cordova-media-with-compression/www/MediaError.js
2019-06-19 04:18:48 +0000  copying file ./Payload/OA.app/www/plugins/cordova-plugin-app-version/www/AppVersionPlugin.js ... 
2019-06-19 04:18:48 +0000  2276 bytes for ./Payload/OA.app/www/plugins/cordova-plugin-app-version/www/AppVersionPlugin.js
2019-06-19 04:18:48 +0000  copying file ./Payload/OA.app/www/plugins/cordova-plugin-camera/www/Camera.js ... 
2019-06-19 04:18:48 +0000  8006 bytes for ./Payload/OA.app/www/plugins/cordova-plugin-camera/www/Camera.js
copying file ./Payload/OA.app/www/plugins/cordova-plugin-camera/www/CameraConstants.js ... 
2019-06-19 04:18:48 +0000  3297 bytes for ./Payload/OA.app/www/plugins/cordova-plugin-camera/www/CameraConstants.js
copying file ./Payload/OA.app/www/plugins/cordova-plugin-camera/www/CameraPopoverOptions.js ... 
2019-06-19 04:18:48 +0000  2297 bytes for ./Payload/OA.app/www/plugins/cordova-plugin-camera/www/CameraPopoverOptions.js
copying file ./Payload/OA.app/www/plugins/cordova-plugin-camera/www/ios/CameraPopoverHandle.js ... 
2019-06-19 04:18:48 +0000  2269 bytes for ./Payload/OA.app/www/plugins/cordova-plugin-camera/www/ios/CameraPopoverHandle.js
2019-06-19 04:18:48 +0000  copying file ./Payload/OA.app/www/plugins/cordova-plugin-console/www/console-via-logger.js ... 
2019-06-19 04:18:48 +0000  6896 bytes for ./Payload/OA.app/www/plugins/cordova-plugin-console/www/console-via-logger.js
copying file ./Payload/OA.app/www/plugins/cordova-plugin-console/www/logger.js ... 
2019-06-19 04:18:48 +0000  10323 bytes for ./Payload/OA.app/www/plugins/cordova-plugin-console/www/logger.js
2019-06-19 04:18:48 +0000  copying file ./Payload/OA.app/www/plugins/cordova-plugin-device/www/device.js ... 
2019-06-19 04:18:48 +0000  3062 bytes for ./Payload/OA.app/www/plugins/cordova-plugin-device/www/device.js
2019-06-19 04:18:48 +0000  copying file ./Payload/OA.app/www/plugins/cordova-plugin-file/www/browser/isChrome.js ... 
1232 bytes for ./Payload/OA.app/www/plugins/cordova-plugin-file/www/browser/isChrome.js
2019-06-19 04:18:48 +0000  copying file ./Payload/OA.app/www/plugins/cordova-plugin-file/www/DirectoryEntry.js ... 
2019-06-19 04:18:48 +0000  4671 bytes for ./Payload/OA.app/www/plugins/cordova-plugin-file/www/DirectoryEntry.js
copying file ./Payload/OA.app/www/plugins/cordova-plugin-file/www/DirectoryReader.js ... 
2729 bytes for ./Payload/OA.app/www/plugins/cordova-plugin-file/www/DirectoryReader.js
copying file ./Payload/OA.app/www/plugins/cordova-plugin-file/www/Entry.js ... 
2019-06-19 04:18:48 +0000  9933 bytes for ./Payload/OA.app/www/plugins/cordova-plugin-file/www/Entry.js
copying file ./Payload/OA.app/www/plugins/cordova-plugin-file/www/File.js ... 
2019-06-19 04:18:48 +0000  2712 bytes for ./Payload/OA.app/www/plugins/cordova-plugin-file/www/File.js
copying file ./Payload/OA.app/www/plugins/cordova-plugin-file/www/FileEntry.js ... 
2019-06-19 04:18:48 +0000  3418 bytes for ./Payload/OA.app/www/plugins/cordova-plugin-file/www/FileEntry.js
copying file ./Payload/OA.app/www/plugins/cordova-plugin-file/www/FileError.js ... 
2019-06-19 04:18:48 +0000  1480 bytes for ./Payload/OA.app/www/plugins/cordova-plugin-file/www/FileError.js
copying file ./Payload/OA.app/www/plugins/cordova-plugin-file/www/FileReader.js ... 
2019-06-19 04:18:48 +0000  10431 bytes for ./Payload/OA.app/www/plugins/cordova-plugin-file/www/FileReader.js
copying file ./Payload/OA.app/www/plugins/cordova-plugin-file/www/FileSystem.js ... 
2019-06-19 04:18:48 +0000  1956 bytes for ./Payload/OA.app/www/plugins/cordova-plugin-file/www/FileSystem.js
copying file ./Payload/OA.app/www/plugins/cordova-plugin-file/www/fileSystemPaths.js ... 
2019-06-19 04:18:48 +0000  2547 bytes for ./Payload/OA.app/www/plugins/cordova-plugin-file/www/fileSystemPaths.js
copying file ./Payload/OA.app/www/plugins/cordova-plugin-file/www/fileSystems-roots.js ... 
2019-06-19 04:18:48 +0000  1597 bytes for ./Payload/OA.app/www/plugins/cordova-plugin-file/www/fileSystems-roots.js
copying file ./Payload/OA.app/www/plugins/cordova-plugin-file/www/fileSystems.js ... 
2019-06-19 04:18:48 +0000  1046 bytes for ./Payload/OA.app/www/plugins/cordova-plugin-file/www/fileSystems.js
copying file ./Payload/OA.app/www/plugins/cordova-plugin-file/www/FileUploadOptions.js ... 
2019-06-19 04:18:48 +0000  1830 bytes for ./Payload/OA.app/www/plugins/cordova-plugin-file/www/FileUploadOptions.js
copying file ./Payload/OA.app/www/plugins/cordova-plugin-file/www/FileUploadResult.js ... 
1101 bytes for ./Payload/OA.app/www/plugins/cordova-plugin-file/www/FileUploadResult.js
copying file ./Payload/OA.app/www/plugins/cordova-plugin-file/www/FileWriter.js ... 
2019-06-19 04:18:48 +0000  10427 bytes for ./Payload/OA.app/www/plugins/cordova-plugin-file/www/FileWriter.js
copying file ./Payload/OA.app/www/plugins/cordova-plugin-file/www/Flags.js ... 
2019-06-19 04:18:48 +0000  1335 bytes for ./Payload/OA.app/www/plugins/cordova-plugin-file/www/Flags.js
copying file ./Payload/OA.app/www/plugins/cordova-plugin-file/www/ios/FileSystem.js ... 
2019-06-19 04:18:48 +0000  1184 bytes for ./Payload/OA.app/www/plugins/cordova-plugin-file/www/ios/FileSystem.js
copying file ./Payload/OA.app/www/plugins/cordova-plugin-file/www/LocalFileSystem.js ... 
2019-06-19 04:18:48 +0000  957 bytes for ./Payload/OA.app/www/plugins/cordova-plugin-file/www/LocalFileSystem.js
copying file ./Payload/OA.app/www/plugins/cordova-plugin-file/www/Metadata.js ... 
2019-06-19 04:18:48 +0000  1485 bytes for ./Payload/OA.app/www/plugins/cordova-plugin-file/www/Metadata.js
copying file ./Payload/OA.app/www/plugins/cordova-plugin-file/www/ProgressEvent.js ... 
2019-06-19 04:18:48 +0000  2581 bytes for ./Payload/OA.app/www/plugins/cordova-plugin-file/www/ProgressEvent.js
copying file ./Payload/OA.app/www/plugins/cordova-plugin-file/www/requestFileSystem.js ... 
2019-06-19 04:18:48 +0000  3221 bytes for ./Payload/OA.app/www/plugins/cordova-plugin-file/www/requestFileSystem.js
copying file ./Payload/OA.app/www/plugins/cordova-plugin-file/www/resolveLocalFileSystemURI.js ... 
2019-06-19 04:18:48 +0000  4228 bytes for ./Payload/OA.app/www/plugins/cordova-plugin-file/www/resolveLocalFileSystemURI.js
2019-06-19 04:18:48 +0000  copying file ./Payload/OA.app/www/plugins/cordova-plugin-file-opener2/www/plugins.FileOpener2.js ... 
2019-06-19 04:18:48 +0000  2418 bytes for ./Payload/OA.app/www/plugins/cordova-plugin-file-opener2/www/plugins.FileOpener2.js
2019-06-19 04:18:48 +0000  copying file ./Payload/OA.app/www/plugins/cordova-plugin-file-transfer/www/FileTransfer.js ... 
2019-06-19 04:18:48 +0000  8568 bytes for ./Payload/OA.app/www/plugins/cordova-plugin-file-transfer/www/FileTransfer.js
copying file ./Payload/OA.app/www/plugins/cordova-plugin-file-transfer/www/FileTransferError.js ... 
2019-06-19 04:18:48 +0000  1488 bytes for ./Payload/OA.app/www/plugins/cordova-plugin-file-transfer/www/FileTransferError.js
2019-06-19 04:18:48 +0000  copying file ./Payload/OA.app/www/plugins/cordova-plugin-inappbrowser/www/inappbrowser.js ... 
2019-06-19 04:18:48 +0000  4417 bytes for ./Payload/OA.app/www/plugins/cordova-plugin-inappbrowser/www/inappbrowser.js
2019-06-19 04:18:48 +0000  copying file ./Payload/OA.app/www/plugins/cordova-plugin-ionic-webview/src/www/ios/ios-wkwebview-exec.js ... 
2019-06-19 04:18:48 +0000  6179 bytes for ./Payload/OA.app/www/plugins/cordova-plugin-ionic-webview/src/www/ios/ios-wkwebview-exec.js
2019-06-19 04:18:48 +0000  copying file ./Payload/OA.app/www/plugins/cordova-plugin-ionic-webview/src/www/util.js ... 
872 bytes for ./Payload/OA.app/www/plugins/cordova-plugin-ionic-webview/src/www/util.js
2019-06-19 04:18:48 +0000  copying file ./Payload/OA.app/www/plugins/cordova-plugin-network-information/www/Connection.js ... 
2019-06-19 04:18:48 +0000  1163 bytes for ./Payload/OA.app/www/plugins/cordova-plugin-network-information/www/Connection.js
copying file ./Payload/OA.app/www/plugins/cordova-plugin-network-information/www/network.js ... 
2019-06-19 04:18:48 +0000  3360 bytes for ./Payload/OA.app/www/plugins/cordova-plugin-network-information/www/network.js
2019-06-19 04:18:48 +0000  copying file ./Payload/OA.app/www/plugins/cordova-plugin-screen-orientation/www/screenorientation.js ... 
2019-06-19 04:18:48 +0000  5012 bytes for ./Payload/OA.app/www/plugins/cordova-plugin-screen-orientation/www/screenorientation.js
2019-06-19 04:18:48 +0000  copying file ./Payload/OA.app/www/plugins/cordova-plugin-splashscreen/www/splashscreen.js ... 
1173 bytes for ./Payload/OA.app/www/plugins/cordova-plugin-splashscreen/www/splashscreen.js
2019-06-19 04:18:48 +0000  copying file ./Payload/OA.app/www/plugins/cordova-plugin-statusbar/www/statusbar.js ... 
2019-06-19 04:18:48 +0000  3376 bytes for ./Payload/OA.app/www/plugins/cordova-plugin-statusbar/www/statusbar.js
2019-06-19 04:18:48 +0000  copying file ./Payload/OA.app/www/plugins/cordova-plugin-x-toast/test/tests.js ... 
2019-06-19 04:18:48 +0000  1845 bytes for ./Payload/OA.app/www/plugins/cordova-plugin-x-toast/test/tests.js
copying file ./Payload/OA.app/www/plugins/cordova-plugin-x-toast/www/Toast.js ... 
2727 bytes for ./Payload/OA.app/www/plugins/cordova-plugin-x-toast/www/Toast.js
copying file ./Payload/OA.app/www/plugins/es6-promise-plugin/www/promise.js ... 
2019-06-19 04:18:48 +0000  9161 bytes for ./Payload/OA.app/www/plugins/es6-promise-plugin/www/promise.js
2019-06-19 04:18:48 +0000  copying file ./Payload/OA.app/www/plugins/install/www/install.js ... 
2019-06-19 04:18:48 +0000  322 bytes for ./Payload/OA.app/www/plugins/install/www/install.js
2019-06-19 04:18:48 +0000  copying file ./Payload/OA.app/www/plugins/ionic-plugin-keyboard/www/ios/keyboard.js ... 
2019-06-19 04:18:48 +0000  1108 bytes for ./Payload/OA.app/www/plugins/ionic-plugin-keyboard/www/ios/keyboard.js
copying file ./Payload/OA.app/www/plugins/jpush-phonegap-plugin/www/JPushPlugin.js ... 
2019-06-19 04:18:48 +0000  11550 bytes for ./Payload/OA.app/www/plugins/jpush-phonegap-plugin/www/JPushPlugin.js
2019-06-19 04:18:48 +0000  copying file ./Payload/OA.app/www/plugins/org.cordova.PermissionsPlugin/www/PermissionsPlugin.js ... 
2019-06-19 04:18:48 +0000  574 bytes for ./Payload/OA.app/www/plugins/org.cordova.PermissionsPlugin/www/PermissionsPlugin.js
2019-06-19 04:18:48 +0000  copying file ./Payload/OA.app/www/shared/directives/echart.directives.js ... 
2019-06-19 04:18:48 +0000  5130 bytes for ./Payload/OA.app/www/shared/directives/echart.directives.js
copying file ./Payload/OA.app/www/shared/directives/form-handle.directives.js ... 
2019-06-19 04:18:48 +0000  902 bytes for ./Payload/OA.app/www/shared/directives/form-handle.directives.js
copying file ./Payload/OA.app/www/shared/directives/html.directives.js ... 
2019-06-19 04:18:48 +0000  4508 bytes for ./Payload/OA.app/www/shared/directives/html.directives.js
copying file ./Payload/OA.app/www/shared/directives/information.directives.js ... 
2019-06-19 04:18:48 +0000  877 bytes for ./Payload/OA.app/www/shared/directives/information.directives.js
copying file ./Payload/OA.app/www/shared/directives/pinch-form.directives.js ... 
2019-06-19 04:18:48 +0000  180274 bytes for ./Payload/OA.app/www/shared/directives/pinch-form.directives.js
copying file ./Payload/OA.app/www/shared/directives/select-template.html ... 
2019-06-19 04:18:48 +0000  962 bytes for ./Payload/OA.app/www/shared/directives/select-template.html
copying file ./Payload/OA.app/www/shared/directives/view-form-myPopup.directives.js ... 
2019-06-19 04:18:48 +0000  6833 bytes for ./Payload/OA.app/www/shared/directives/view-form-myPopup.directives.js
copying file ./Payload/OA.app/www/shared/directives/view-form.directives.js ... 
2019-06-19 04:18:48 +0000  12670 bytes for ./Payload/OA.app/www/shared/directives/view-form.directives.js
2019-06-19 04:18:48 +0000  copying file ./Payload/OA.app/www/shared/lib/baseService.js ... 
2019-06-19 04:18:48 +0000  2909 bytes for ./Payload/OA.app/www/shared/lib/baseService.js
copying file ./Payload/OA.app/www/shared/lib/component.js ... 
2019-06-19 04:18:48 +0000  7764 bytes for ./Payload/OA.app/www/shared/lib/component.js
copying file ./Payload/OA.app/www/shared/lib/echarts.min.js ... 
2019-06-19 04:18:48 +0000  707131 bytes for ./Payload/OA.app/www/shared/lib/echarts.min.js
2019-06-19 04:18:48 +0000  copying file ./Payload/OA.app/www/shared/lib/jqueryValidate/customValid.js ... 
2019-06-19 04:18:48 +0000  14033 bytes for ./Payload/OA.app/www/shared/lib/jqueryValidate/customValid.js
copying file ./Payload/OA.app/www/shared/lib/jqueryValidate/jquery.qtip.css ... 
2019-06-19 04:18:48 +0000  2232 bytes for ./Payload/OA.app/www/shared/lib/jqueryValidate/jquery.qtip.css
copying file ./Payload/OA.app/www/shared/lib/jqueryValidate/jquery.qtip.js ... 
2019-06-19 04:18:48 +0000  102183 bytes for ./Payload/OA.app/www/shared/lib/jqueryValidate/jquery.qtip.js
2019-06-19 04:18:48 +0000  copying file ./Payload/OA.app/www/shared/lib/uploadModule.js ... 
2019-06-19 04:18:48 +0000  7267 bytes for ./Payload/OA.app/www/shared/lib/uploadModule.js
copying file ./Payload/OA.app/www/shared/lib/util.js ... 
2019-06-19 04:18:48 +0000  14473 bytes for ./Payload/OA.app/www/shared/lib/util.js
2019-06-19 04:18:48 +0000  copying file ./Payload/OA.app/www/wk-plugin.js ... 
1388 bytes for ./Payload/OA.app/www/wk-plugin.js
2019-06-19 04:18:48 +0000  
2019-06-19 04:18:48 +0000  2019-06-19 04:18:48 +0000 [MT] /usr/bin/ditto exited with 0

2019-06-19 04:18:48 +0000  
2019-06-19 04:18:48 +0000  
2019-06-19 04:18:48 +0000 [MT] Processing step: IDEDistributionCreateManifestStep
